17:54:33 **** Incremental Build of configuration Debug for project GINGAAAN_TEST ****
make -j3 all 
arm-none-eabi-gcc "../Core/Src/app.c" -mcpu=cortex-m4 -std=gnu11 -g3 -DDEBUG -DUSE_HAL_DRIVER -DSTM32F446xx -c -I../Core/Inc -I../Drivers/STM32F4xx_HAL_Driver/Inc -I../Drivers/STM32F4xx_HAL_Driver/Inc/Legacy -I../Drivers/CMSIS/Device/ST/STM32F4xx/Include -I../Drivers/CMSIS/Include -O0 -ffunction-sections -fdata-sections -Wall -fstack-usage -MMD -MP -MF"Core/Src/app.d" -MT"Core/Src/app.o" --specs=nano.specs -mfpu=fpv4-sp-d16 -mfloat-abi=hard -mthumb -o "Core/Src/app.o"
../Core/Src/app.c:196:12: warning: 'SM_CalSpeed' defined but not used [-Wunused-function]
  196 | static int SM_CalSpeed(int targetSpeed){
      |            ^~~~~~~~~~~
arm-none-eabi-gcc -o "GINGAAAN_TEST.elf" @"objects.list"   -mcpu=cortex-m4 -T"/Users/UnknownSP/STM32CubeIDE/GINGAAAN/GINGAAAN_TEST/STM32F446RETX_FLASH.ld" --specs=nosys.specs -Wl,-Map="GINGAAAN_TEST.map" -Wl,--gc-sections -static --specs=nano.specs -mfpu=fpv4-sp-d16 -mfloat-abi=hard -mthumb -Wl,--start-group -lc -lm -Wl,--end-group
Finished building target: GINGAAAN_TEST.elf
 
arm-none-eabi-size   GINGAAAN_TEST.elf 
arm-none-eabi-objdump -h -S  GINGAAAN_TEST.elf  > "GINGAAAN_TEST.list"
arm-none-eabi-objcopy  -O binary  GINGAAAN_TEST.elf  "GINGAAAN_TEST.bin"
   text	   data	    bss	    dec	    hex	filename
  26172	     64	   3600	  29836	   748c	GINGAAAN_TEST.elf
Finished building: default.size.stdout
 
Finished building: GINGAAAN_TEST.bin
 
Finished building: GINGAAAN_TEST.list
 
17:54:57 **** Incremental Build of configuration Debug for project GINGAAAN_TEST ****
make -j3 all 
arm-none-eabi-gcc "../Core/Src/app.c" -mcpu=cortex-m4 -std=gnu11 -g3 -DDEBUG -DUSE_HAL_DRIVER -DSTM32F446xx -c -I../Core/Inc -I../Drivers/STM32F4xx_HAL_Driver/Inc -I../Drivers/STM32F4xx_HAL_Driver/Inc/Legacy -I../Drivers/CMSIS/Device/ST/STM32F4xx/Include -I../Drivers/CMSIS/Include -O0 -ffunction-sections -fdata-sections -Wall -fstack-usage -MMD -MP -MF"Core/Src/app.d" -MT"Core/Src/app.o" --specs=nano.specs -mfpu=fpv4-sp-d16 -mfloat-abi=hard -mthumb -o "Core/Src/app.o"
arm-none-eabi-gcc -o "GINGAAAN_TEST.elf" @"objects.list"   -mcpu=cortex-m4 -T"/Users/UnknownSP/STM32CubeIDE/GINGAAAN/GINGAAAN_TEST/STM32F446RETX_FLASH.ld" --specs=nosys.specs -Wl,-Map="GINGAAAN_TEST.map" -Wl,--gc-sections -static --specs=nano.specs -mfpu=fpv4-sp-d16 -mfloat-abi=hard -mthumb -Wl,--start-group -lc -lm -Wl,--end-group
Finished building target: GINGAAAN_TEST.elf
 
arm-none-eabi-size   GINGAAAN_TEST.elf 
arm-none-eabi-objdump -h -S  GINGAAAN_TEST.elf  > "GINGAAAN_TEST.list"
arm-none-eabi-objcopy  -O binary  GINGAAAN_TEST.elf  "GINGAAAN_TEST.bin"
   text	   data	    bss	    dec	    hex	filename
  26292	     64	   3616	  29972	   7514	GINGAAAN_TEST.elf
Finished building: default.size.stdout
 
Finished building: GINGAAAN_TEST.bin
 
Finished building: GINGAAAN_TEST.list
 
17:56:03 **** Incremental Build of configuration Debug for project GINGAAAN_TEST ****
make -j3 all 
arm-none-eabi-gcc "../Core/Src/app.c" -mcpu=cortex-m4 -std=gnu11 -g3 -DDEBUG -DUSE_HAL_DRIVER -DSTM32F446xx -c -I../Core/Inc -I../Drivers/STM32F4xx_HAL_Driver/Inc -I../Drivers/STM32F4xx_HAL_Driver/Inc/Legacy -I../Drivers/CMSIS/Device/ST/STM32F4xx/Include -I../Drivers/CMSIS/Include -O0 -ffunction-sections -fdata-sections -Wall -fstack-usage -MMD -MP -MF"Core/Src/app.d" -MT"Core/Src/app.o" --specs=nano.specs -mfpu=fpv4-sp-d16 -mfloat-abi=hard -mthumb -o "Core/Src/app.o"
arm-none-eabi-gcc -o "GINGAAAN_TEST.elf" @"objects.list"   -mcpu=cortex-m4 -T"/Users/UnknownSP/STM32CubeIDE/GINGAAAN/GINGAAAN_TEST/STM32F446RETX_FLASH.ld" --specs=nosys.specs -Wl,-Map="GINGAAAN_TEST.map" -Wl,--gc-sections -static --specs=nano.specs -mfpu=fpv4-sp-d16 -mfloat-abi=hard -mthumb -Wl,--start-group -lc -lm -Wl,--end-group
Finished building target: GINGAAAN_TEST.elf
 
arm-none-eabi-size   GINGAAAN_TEST.elf 
arm-none-eabi-objdump -h -S  GINGAAAN_TEST.elf  > "GINGAAAN_TEST.list"
arm-none-eabi-objcopy  -O binary  GINGAAAN_TEST.elf  "GINGAAAN_TEST.bin"
   text	   data	    bss	    dec	    hex	filename
  26292	     64	   3616	  29972	   7514	GINGAAAN_TEST.elf
Finished building: default.size.stdout
 
Finished building: GINGAAAN_TEST.bin
 
Finished building: GINGAAAN_TEST.list
 
18:01:45 **** Incremental Build of configuration Debug for project GINGAAAN_TEST ****
make -j3 all 
arm-none-eabi-gcc "../Drivers/PWM/Src/pwm.c" -mcpu=cortex-m4 -std=gnu11 -g3 -DDEBUG -DUSE_HAL_DRIVER -DSTM32F446xx -c -I../Core/Inc -I../Drivers/STM32F4xx_HAL_Driver/Inc -I../Drivers/STM32F4xx_HAL_Driver/Inc/Legacy -I../Drivers/CMSIS/Device/ST/STM32F4xx/Include -I../Drivers/CMSIS/Include -O0 -ffunction-sections -fdata-sections -Wall -fstack-usage -MMD -MP -MF"Drivers/PWM/Src/pwm.d" -MT"Drivers/PWM/Src/pwm.o" --specs=nano.specs -mfpu=fpv4-sp-d16 -mfloat-abi=hard -mthumb -o "Drivers/PWM/Src/pwm.o"
arm-none-eabi-gcc "../Drivers/Message/Src/message.c" -mcpu=cortex-m4 -std=gnu11 -g3 -DDEBUG -DUSE_HAL_DRIVER -DSTM32F446xx -c -I../Core/Inc -I../Drivers/STM32F4xx_HAL_Driver/Inc -I../Drivers/STM32F4xx_HAL_Driver/Inc/Legacy -I../Drivers/CMSIS/Device/ST/STM32F4xx/Include -I../Drivers/CMSIS/Include -O0 -ffunction-sections -fdata-sections -Wall -fstack-usage -MMD -MP -MF"Drivers/Message/Src/message.d" -MT"Drivers/Message/Src/message.o" --specs=nano.specs -mfpu=fpv4-sp-d16 -mfloat-abi=hard -mthumb -o "Drivers/Message/Src/message.o"
arm-none-eabi-gcc "../Drivers/I2C/Src/I2C.c" -mcpu=cortex-m4 -std=gnu11 -g3 -DDEBUG -DUSE_HAL_DRIVER -DSTM32F446xx -c -I../Core/Inc -I../Drivers/STM32F4xx_HAL_Driver/Inc -I../Drivers/STM32F4xx_HAL_Driver/Inc/Legacy -I../Drivers/CMSIS/Device/ST/STM32F4xx/Include -I../Drivers/CMSIS/Include -O0 -ffunction-sections -fdata-sections -Wall -fstack-usage -MMD -MP -MF"Drivers/I2C/Src/I2C.d" -MT"Drivers/I2C/Src/I2C.o" --specs=nano.specs -mfpu=fpv4-sp-d16 -mfloat-abi=hard -mthumb -o "Drivers/I2C/Src/I2C.o"
In file included from ../Core/Inc/main.h:38,
                 from ../Drivers/I2C/Src/../Inc/I2C.h:11,
                 from ../Drivers/I2C/Src/I2C.c:9:
../Core/Inc/app.h:20:16: warning: 'rcvDataJudge' defined but not used [-Wunused-variable]
   20 | static uint8_t rcvDataJudge[8]; //各ステーションからのCAN受信データ
      |                ^~~~~~~~~~~~
../Core/Inc/app.h:19:16: warning: 'rcvData' defined but not used [-Wunused-variable]
   19 | static uint8_t rcvData[4][8]; //各ステーションからのCAN受信データ
      |                ^~~~~~~
../Core/Inc/app.h:18:16: warning: 'sndData' defined but not used [-Wunused-variable]
   18 | static uint8_t sndData[4][8]; //各ステーションへのCAN送信データ
      |                ^~~~~~~
In file included from ../Core/Inc/main.h:38,
                 from ../Drivers/PWM/Src/../Inc/pwm.h:11,
                 from ../Drivers/PWM/Src/pwm.c:8:
../Core/Inc/app.h:20:16: warning: 'rcvDataJudge' defined but not used [-Wunused-variable]
   20 | static uint8_t rcvDataJudge[8]; //各ステーションからのCAN受信データ
      |                ^~~~~~~~~~~~
../Core/Inc/app.h:19:16: warning: 'rcvData' defined but not used [-Wunused-variable]
   19 | static uint8_t rcvData[4][8]; //各ステーションからのCAN受信データ
      |                ^~~~~~~
../Core/Inc/app.h:18:16: warning: 'sndData' defined but not used [-Wunused-variable]
   18 | static uint8_t sndData[4][8]; //各ステーションへのCAN送信データ
      |                ^~~~~~~
In file included from ../Core/Inc/main.h:38,
                 from ../Drivers/Message/Src/message.c:7:
../Core/Inc/app.h:20:16: warning: 'rcvDataJudge' defined but not used [-Wunused-variable]
   20 | static uint8_t rcvDataJudge[8]; //各ステーションからのCAN受信データ
      |                ^~~~~~~~~~~~
../Core/Inc/app.h:19:16: warning: 'rcvData' defined but not used [-Wunused-variable]
   19 | static uint8_t rcvData[4][8]; //各ステーションからのCAN受信データ
      |                ^~~~~~~
../Core/Inc/app.h:18:16: warning: 'sndData' defined but not used [-Wunused-variable]
   18 | static uint8_t sndData[4][8]; //各ステーションへのCAN送信データ
      |                ^~~~~~~
arm-none-eabi-gcc "../Drivers/GPIO/Src/GPIO.c" -mcpu=cortex-m4 -std=gnu11 -g3 -DDEBUG -DUSE_HAL_DRIVER -DSTM32F446xx -c -I../Core/Inc -I../Drivers/STM32F4xx_HAL_Driver/Inc -I../Drivers/STM32F4xx_HAL_Driver/Inc/Legacy -I../Drivers/CMSIS/Device/ST/STM32F4xx/Include -I../Drivers/CMSIS/Include -O0 -ffunction-sections -fdata-sections -Wall -fstack-usage -MMD -MP -MF"Drivers/GPIO/Src/GPIO.d" -MT"Drivers/GPIO/Src/GPIO.o" --specs=nano.specs -mfpu=fpv4-sp-d16 -mfloat-abi=hard -mthumb -o "Drivers/GPIO/Src/GPIO.o"
arm-none-eabi-gcc "../Drivers/CAN/Src/CAN.c" -mcpu=cortex-m4 -std=gnu11 -g3 -DDEBUG -DUSE_HAL_DRIVER -DSTM32F446xx -c -I../Core/Inc -I../Drivers/STM32F4xx_HAL_Driver/Inc -I../Drivers/STM32F4xx_HAL_Driver/Inc/Legacy -I../Drivers/CMSIS/Device/ST/STM32F4xx/Include -I../Drivers/CMSIS/Include -O0 -ffunction-sections -fdata-sections -Wall -fstack-usage -MMD -MP -MF"Drivers/CAN/Src/CAN.d" -MT"Drivers/CAN/Src/CAN.o" --specs=nano.specs -mfpu=fpv4-sp-d16 -mfloat-abi=hard -mthumb -o "Drivers/CAN/Src/CAN.o"
arm-none-eabi-gcc "../Core/Src/app.c" -mcpu=cortex-m4 -std=gnu11 -g3 -DDEBUG -DUSE_HAL_DRIVER -DSTM32F446xx -c -I../Core/Inc -I../Drivers/STM32F4xx_HAL_Driver/Inc -I../Drivers/STM32F4xx_HAL_Driver/Inc/Legacy -I../Drivers/CMSIS/Device/ST/STM32F4xx/Include -I../Drivers/CMSIS/Include -O0 -ffunction-sections -fdata-sections -Wall -fstack-usage -MMD -MP -MF"Core/Src/app.d" -MT"Core/Src/app.o" --specs=nano.specs -mfpu=fpv4-sp-d16 -mfloat-abi=hard -mthumb -o "Core/Src/app.o"
In file included from ../Core/Inc/main.h:38,
                 from ../Drivers/GPIO/Src/../Inc/GPIO.h:11,
                 from ../Drivers/GPIO/Src/GPIO.c:8:
../Core/Inc/app.h:20:16: warning: 'rcvDataJudge' defined but not used [-Wunused-variable]
   20 | static uint8_t rcvDataJudge[8]; //各ステーションからのCAN受信データ
      |                ^~~~~~~~~~~~
../Core/Inc/app.h:19:16: warning: 'rcvData' defined but not used [-Wunused-variable]
   19 | static uint8_t rcvData[4][8]; //各ステーションからのCAN受信データ
      |                ^~~~~~~
../Core/Inc/app.h:18:16: warning: 'sndData' defined but not used [-Wunused-variable]
   18 | static uint8_t sndData[4][8]; //各ステーションへのCAN送信データ
      |                ^~~~~~~
../Drivers/CAN/Src/CAN.c: In function 'D_CAN_Receive':
../Drivers/CAN/Src/CAN.c:85:6: warning: variable 'setIdx' set but not used [-Wunused-but-set-variable]
   85 |  int setIdx = 0;
      |      ^~~~~~
../Drivers/CAN/Src/CAN.c: In function 'D_CAN_ReceiveCallBack':
../Drivers/CAN/Src/CAN.c:125:7: warning: variable 'setIdx' set but not used [-Wunused-but-set-variable]
  125 |   int setIdx = 0;
      |       ^~~~~~
In file included from ../Core/Inc/main.h:38,
                 from ../Drivers/CAN/Src/../Inc/CAN.h:11,
                 from ../Drivers/CAN/Src/CAN.c:8:
At top level:
../Core/Inc/app.h:20:16: warning: 'rcvDataJudge' defined but not used [-Wunused-variable]
   20 | static uint8_t rcvDataJudge[8]; //各ステーションからのCAN受信データ
      |                ^~~~~~~~~~~~
../Core/Inc/app.h:19:16: warning: 'rcvData' defined but not used [-Wunused-variable]
   19 | static uint8_t rcvData[4][8]; //各ステーションからのCAN受信データ
      |                ^~~~~~~
../Core/Inc/app.h:18:16: warning: 'sndData' defined but not used [-Wunused-variable]
   18 | static uint8_t sndData[4][8]; //各ステーションへのCAN送信データ
      |                ^~~~~~~
arm-none-eabi-gcc "../Core/Src/main.c" -mcpu=cortex-m4 -std=gnu11 -g3 -DDEBUG -DUSE_HAL_DRIVER -DSTM32F446xx -c -I../Core/Inc -I../Drivers/STM32F4xx_HAL_Driver/Inc -I../Drivers/STM32F4xx_HAL_Driver/Inc/Legacy -I../Drivers/CMSIS/Device/ST/STM32F4xx/Include -I../Drivers/CMSIS/Include -O0 -ffunction-sections -fdata-sections -Wall -fstack-usage -MMD -MP -MF"Core/Src/main.d" -MT"Core/Src/main.o" --specs=nano.specs -mfpu=fpv4-sp-d16 -mfloat-abi=hard -mthumb -o "Core/Src/main.o"
arm-none-eabi-gcc "../Core/Src/stm32f4xx_hal_msp.c" -mcpu=cortex-m4 -std=gnu11 -g3 -DDEBUG -DUSE_HAL_DRIVER -DSTM32F446xx -c -I../Core/Inc -I../Drivers/STM32F4xx_HAL_Driver/Inc -I../Drivers/STM32F4xx_HAL_Driver/Inc/Legacy -I../Drivers/CMSIS/Device/ST/STM32F4xx/Include -I../Drivers/CMSIS/Include -O0 -ffunction-sections -fdata-sections -Wall -fstack-usage -MMD -MP -MF"Core/Src/stm32f4xx_hal_msp.d" -MT"Core/Src/stm32f4xx_hal_msp.o" --specs=nano.specs -mfpu=fpv4-sp-d16 -mfloat-abi=hard -mthumb -o "Core/Src/stm32f4xx_hal_msp.o"
arm-none-eabi-gcc "../Core/Src/stm32f4xx_it.c" -mcpu=cortex-m4 -std=gnu11 -g3 -DDEBUG -DUSE_HAL_DRIVER -DSTM32F446xx -c -I../Core/Inc -I../Drivers/STM32F4xx_HAL_Driver/Inc -I../Drivers/STM32F4xx_HAL_Driver/Inc/Legacy -I../Drivers/CMSIS/Device/ST/STM32F4xx/Include -I../Drivers/CMSIS/Include -O0 -ffunction-sections -fdata-sections -Wall -fstack-usage -MMD -MP -MF"Core/Src/stm32f4xx_it.d" -MT"Core/Src/stm32f4xx_it.o" --specs=nano.specs -mfpu=fpv4-sp-d16 -mfloat-abi=hard -mthumb -o "Core/Src/stm32f4xx_it.o"
In file included from ../Core/Inc/main.h:38,
                 from ../Core/Src/main.c:21:
../Core/Inc/app.h:20:16: warning: 'rcvDataJudge' defined but not used [-Wunused-variable]
   20 | static uint8_t rcvDataJudge[8]; //各ステーションからのCAN受信データ
      |                ^~~~~~~~~~~~
../Core/Inc/app.h:19:16: warning: 'rcvData' defined but not used [-Wunused-variable]
   19 | static uint8_t rcvData[4][8]; //各ステーションからのCAN受信データ
      |                ^~~~~~~
../Core/Inc/app.h:18:16: warning: 'sndData' defined but not used [-Wunused-variable]
   18 | static uint8_t sndData[4][8]; //各ステーションへのCAN送信データ
      |                ^~~~~~~
In file included from ../Core/Inc/main.h:38,
                 from ../Core/Src/stm32f4xx_hal_msp.c:23:
../Core/Inc/app.h:20:16: warning: 'rcvDataJudge' defined but not used [-Wunused-variable]
   20 | static uint8_t rcvDataJudge[8]; //各ステーションからのCAN受信データ
      |                ^~~~~~~~~~~~
../Core/Inc/app.h:19:16: warning: 'rcvData' defined but not used [-Wunused-variable]
   19 | static uint8_t rcvData[4][8]; //各ステーションからのCAN受信データ
      |                ^~~~~~~
../Core/Inc/app.h:18:16: warning: 'sndData' defined but not used [-Wunused-variable]
   18 | static uint8_t sndData[4][8]; //各ステーションへのCAN送信データ
      |                ^~~~~~~
../Core/Src/stm32f4xx_it.c: In function 'CAN1_TX_IRQHandler':
../Core/Src/stm32f4xx_it.c:242:3: warning: implicit declaration of function 'HAL_CAN_TxMailboxCompleteCallback'; did you mean 'HAL_CAN_TxMailbox2CompleteCallback'? [-Wimplicit-function-declaration]
  242 |   HAL_CAN_TxMailboxCompleteCallback();
      |   ^~~~~~~~~~~~~~~~~~~~~~~~~~~~~~~~~
      |   HAL_CAN_TxMailbox2CompleteCallback
In file included from ../Core/Inc/main.h:38,
                 from ../Core/Src/stm32f4xx_it.c:22:
At top level:
../Core/Inc/app.h:20:16: warning: 'rcvDataJudge' defined but not used [-Wunused-variable]
   20 | static uint8_t rcvDataJudge[8]; //各ステーションからのCAN受信データ
      |                ^~~~~~~~~~~~
../Core/Inc/app.h:19:16: warning: 'rcvData' defined but not used [-Wunused-variable]
   19 | static uint8_t rcvData[4][8]; //各ステーションからのCAN受信データ
      |                ^~~~~~~
../Core/Inc/app.h:18:16: warning: 'sndData' defined but not used [-Wunused-variable]
   18 | static uint8_t sndData[4][8]; //各ステーションへのCAN送信データ
      |                ^~~~~~~
arm-none-eabi-gcc -o "GINGAAAN_TEST.elf" @"objects.list"   -mcpu=cortex-m4 -T"/Users/UnknownSP/STM32CubeIDE/GINGAAAN/GINGAAAN_TEST/STM32F446RETX_FLASH.ld" --specs=nosys.specs -Wl,-Map="GINGAAAN_TEST.map" -Wl,--gc-sections -static --specs=nano.specs -mfpu=fpv4-sp-d16 -mfloat-abi=hard -mthumb -Wl,--start-group -lc -lm -Wl,--end-group
Finished building target: GINGAAAN_TEST.elf
 
arm-none-eabi-size   GINGAAAN_TEST.elf 
arm-none-eabi-objdump -h -S  GINGAAAN_TEST.elf  > "GINGAAAN_TEST.list"
arm-none-eabi-objcopy  -O binary  GINGAAAN_TEST.elf  "GINGAAAN_TEST.bin"
   text	   data	    bss	    dec	    hex	filename
  26292	     64	   3616	  29972	   7514	GINGAAAN_TEST.elf
Finished building: default.size.stdout
Finished building: GINGAAAN_TEST.list
 
 
Finished building: GINGAAAN_TEST.bin
 
18:02:38 **** Incremental Build of configuration Debug for project GINGAAAN_TEST ****
make -j3 all 
arm-none-eabi-gcc "../Core/Src/app.c" -mcpu=cortex-m4 -std=gnu11 -g3 -DDEBUG -DUSE_HAL_DRIVER -DSTM32F446xx -c -I../Core/Inc -I../Drivers/STM32F4xx_HAL_Driver/Inc -I../Drivers/STM32F4xx_HAL_Driver/Inc/Legacy -I../Drivers/CMSIS/Device/ST/STM32F4xx/Include -I../Drivers/CMSIS/Include -O0 -ffunction-sections -fdata-sections -Wall -fstack-usage -MMD -MP -MF"Core/Src/app.d" -MT"Core/Src/app.o" --specs=nano.specs -mfpu=fpv4-sp-d16 -mfloat-abi=hard -mthumb -o "Core/Src/app.o"
arm-none-eabi-gcc -o "GINGAAAN_TEST.elf" @"objects.list"   -mcpu=cortex-m4 -T"/Users/UnknownSP/STM32CubeIDE/GINGAAAN/GINGAAAN_TEST/STM32F446RETX_FLASH.ld" --specs=nosys.specs -Wl,-Map="GINGAAAN_TEST.map" -Wl,--gc-sections -static --specs=nano.specs -mfpu=fpv4-sp-d16 -mfloat-abi=hard -mthumb -Wl,--start-group -lc -lm -Wl,--end-group
Finished building target: GINGAAAN_TEST.elf
 
arm-none-eabi-size   GINGAAAN_TEST.elf 
arm-none-eabi-objdump -h -S  GINGAAAN_TEST.elf  > "GINGAAAN_TEST.list"
arm-none-eabi-objcopy  -O binary  GINGAAAN_TEST.elf  "GINGAAAN_TEST.bin"
   text	   data	    bss	    dec	    hex	filename
  26292	     64	   3616	  29972	   7514	GINGAAAN_TEST.elf
Finished building: default.size.stdout
 
Finished building: GINGAAAN_TEST.bin
 
Finished building: GINGAAAN_TEST.list
 
18:03:18 **** Incremental Build of configuration Debug for project GINGAAAN_TEST ****
make -j3 all 
arm-none-eabi-gcc "../Drivers/PWM/Src/pwm.c" -mcpu=cortex-m4 -std=gnu11 -g3 -DDEBUG -DUSE_HAL_DRIVER -DSTM32F446xx -c -I../Core/Inc -I../Drivers/STM32F4xx_HAL_Driver/Inc -I../Drivers/STM32F4xx_HAL_Driver/Inc/Legacy -I../Drivers/CMSIS/Device/ST/STM32F4xx/Include -I../Drivers/CMSIS/Include -O0 -ffunction-sections -fdata-sections -Wall -fstack-usage -MMD -MP -MF"Drivers/PWM/Src/pwm.d" -MT"Drivers/PWM/Src/pwm.o" --specs=nano.specs -mfpu=fpv4-sp-d16 -mfloat-abi=hard -mthumb -o "Drivers/PWM/Src/pwm.o"
arm-none-eabi-gcc "../Drivers/Message/Src/message.c" -mcpu=cortex-m4 -std=gnu11 -g3 -DDEBUG -DUSE_HAL_DRIVER -DSTM32F446xx -c -I../Core/Inc -I../Drivers/STM32F4xx_HAL_Driver/Inc -I../Drivers/STM32F4xx_HAL_Driver/Inc/Legacy -I../Drivers/CMSIS/Device/ST/STM32F4xx/Include -I../Drivers/CMSIS/Include -O0 -ffunction-sections -fdata-sections -Wall -fstack-usage -MMD -MP -MF"Drivers/Message/Src/message.d" -MT"Drivers/Message/Src/message.o" --specs=nano.specs -mfpu=fpv4-sp-d16 -mfloat-abi=hard -mthumb -o "Drivers/Message/Src/message.o"
arm-none-eabi-gcc "../Drivers/I2C/Src/I2C.c" -mcpu=cortex-m4 -std=gnu11 -g3 -DDEBUG -DUSE_HAL_DRIVER -DSTM32F446xx -c -I../Core/Inc -I../Drivers/STM32F4xx_HAL_Driver/Inc -I../Drivers/STM32F4xx_HAL_Driver/Inc/Legacy -I../Drivers/CMSIS/Device/ST/STM32F4xx/Include -I../Drivers/CMSIS/Include -O0 -ffunction-sections -fdata-sections -Wall -fstack-usage -MMD -MP -MF"Drivers/I2C/Src/I2C.d" -MT"Drivers/I2C/Src/I2C.o" --specs=nano.specs -mfpu=fpv4-sp-d16 -mfloat-abi=hard -mthumb -o "Drivers/I2C/Src/I2C.o"
In file included from ../Core/Inc/main.h:38,
                 from ../Drivers/I2C/Src/../Inc/I2C.h:11,
                 from ../Drivers/I2C/Src/I2C.c:9:
../Core/Inc/app.h:20:16: warning: 'rcvDataJudge' defined but not used [-Wunused-variable]
   20 | static uint8_t rcvDataJudge[8]; //各ステーションからのCAN受信データ
      |                ^~~~~~~~~~~~
../Core/Inc/app.h:19:16: warning: 'rcvData' defined but not used [-Wunused-variable]
   19 | static uint8_t rcvData[4][8]; //各ステーションからのCAN受信データ
      |                ^~~~~~~
../Core/Inc/app.h:18:16: warning: 'sndData' defined but not used [-Wunused-variable]
   18 | static uint8_t sndData[4][8]; //各ステーションへのCAN送信データ
      |                ^~~~~~~
In file included from ../Core/Inc/main.h:38,
                 from ../Drivers/PWM/Src/../Inc/pwm.h:11,
                 from ../Drivers/PWM/Src/pwm.c:8:
../Core/Inc/app.h:20:16: warning: 'rcvDataJudge' defined but not used [-Wunused-variable]
   20 | static uint8_t rcvDataJudge[8]; //各ステーションからのCAN受信データ
      |                ^~~~~~~~~~~~
../Core/Inc/app.h:19:16: warning: 'rcvData' defined but not used [-Wunused-variable]
   19 | static uint8_t rcvData[4][8]; //各ステーションからのCAN受信データ
      |                ^~~~~~~
../Core/Inc/app.h:18:16: warning: 'sndData' defined but not used [-Wunused-variable]
   18 | static uint8_t sndData[4][8]; //各ステーションへのCAN送信データ
      |                ^~~~~~~
In file included from ../Core/Inc/main.h:38,
                 from ../Drivers/Message/Src/message.c:7:
../Core/Inc/app.h:20:16: warning: 'rcvDataJudge' defined but not used [-Wunused-variable]
   20 | static uint8_t rcvDataJudge[8]; //各ステーションからのCAN受信データ
      |                ^~~~~~~~~~~~
../Core/Inc/app.h:19:16: warning: 'rcvData' defined but not used [-Wunused-variable]
   19 | static uint8_t rcvData[4][8]; //各ステーションからのCAN受信データ
      |                ^~~~~~~
../Core/Inc/app.h:18:16: warning: 'sndData' defined but not used [-Wunused-variable]
   18 | static uint8_t sndData[4][8]; //各ステーションへのCAN送信データ
      |                ^~~~~~~
arm-none-eabi-gcc "../Drivers/GPIO/Src/GPIO.c" -mcpu=cortex-m4 -std=gnu11 -g3 -DDEBUG -DUSE_HAL_DRIVER -DSTM32F446xx -c -I../Core/Inc -I../Drivers/STM32F4xx_HAL_Driver/Inc -I../Drivers/STM32F4xx_HAL_Driver/Inc/Legacy -I../Drivers/CMSIS/Device/ST/STM32F4xx/Include -I../Drivers/CMSIS/Include -O0 -ffunction-sections -fdata-sections -Wall -fstack-usage -MMD -MP -MF"Drivers/GPIO/Src/GPIO.d" -MT"Drivers/GPIO/Src/GPIO.o" --specs=nano.specs -mfpu=fpv4-sp-d16 -mfloat-abi=hard -mthumb -o "Drivers/GPIO/Src/GPIO.o"
arm-none-eabi-gcc "../Drivers/CAN/Src/CAN.c" -mcpu=cortex-m4 -std=gnu11 -g3 -DDEBUG -DUSE_HAL_DRIVER -DSTM32F446xx -c -I../Core/Inc -I../Drivers/STM32F4xx_HAL_Driver/Inc -I../Drivers/STM32F4xx_HAL_Driver/Inc/Legacy -I../Drivers/CMSIS/Device/ST/STM32F4xx/Include -I../Drivers/CMSIS/Include -O0 -ffunction-sections -fdata-sections -Wall -fstack-usage -MMD -MP -MF"Drivers/CAN/Src/CAN.d" -MT"Drivers/CAN/Src/CAN.o" --specs=nano.specs -mfpu=fpv4-sp-d16 -mfloat-abi=hard -mthumb -o "Drivers/CAN/Src/CAN.o"
arm-none-eabi-gcc "../Core/Src/app.c" -mcpu=cortex-m4 -std=gnu11 -g3 -DDEBUG -DUSE_HAL_DRIVER -DSTM32F446xx -c -I../Core/Inc -I../Drivers/STM32F4xx_HAL_Driver/Inc -I../Drivers/STM32F4xx_HAL_Driver/Inc/Legacy -I../Drivers/CMSIS/Device/ST/STM32F4xx/Include -I../Drivers/CMSIS/Include -O0 -ffunction-sections -fdata-sections -Wall -fstack-usage -MMD -MP -MF"Core/Src/app.d" -MT"Core/Src/app.o" --specs=nano.specs -mfpu=fpv4-sp-d16 -mfloat-abi=hard -mthumb -o "Core/Src/app.o"
In file included from ../Core/Inc/main.h:38,
                 from ../Drivers/GPIO/Src/../Inc/GPIO.h:11,
                 from ../Drivers/GPIO/Src/GPIO.c:8:
../Core/Inc/app.h:20:16: warning: 'rcvDataJudge' defined but not used [-Wunused-variable]
   20 | static uint8_t rcvDataJudge[8]; //各ステーションからのCAN受信データ
      |                ^~~~~~~~~~~~
../Core/Inc/app.h:19:16: warning: 'rcvData' defined but not used [-Wunused-variable]
   19 | static uint8_t rcvData[4][8]; //各ステーションからのCAN受信データ
      |                ^~~~~~~
../Core/Inc/app.h:18:16: warning: 'sndData' defined but not used [-Wunused-variable]
   18 | static uint8_t sndData[4][8]; //各ステーションへのCAN送信データ
      |                ^~~~~~~
../Drivers/CAN/Src/CAN.c: In function 'D_CAN_Receive':
../Drivers/CAN/Src/CAN.c:85:6: warning: variable 'setIdx' set but not used [-Wunused-but-set-variable]
   85 |  int setIdx = 0;
      |      ^~~~~~
../Drivers/CAN/Src/CAN.c: In function 'D_CAN_ReceiveCallBack':
../Drivers/CAN/Src/CAN.c:125:7: warning: variable 'setIdx' set but not used [-Wunused-but-set-variable]
  125 |   int setIdx = 0;
      |       ^~~~~~
In file included from ../Core/Inc/main.h:38,
                 from ../Drivers/CAN/Src/../Inc/CAN.h:11,
                 from ../Drivers/CAN/Src/CAN.c:8:
At top level:
../Core/Inc/app.h:20:16: warning: 'rcvDataJudge' defined but not used [-Wunused-variable]
   20 | static uint8_t rcvDataJudge[8]; //各ステーションからのCAN受信データ
      |                ^~~~~~~~~~~~
../Core/Inc/app.h:19:16: warning: 'rcvData' defined but not used [-Wunused-variable]
   19 | static uint8_t rcvData[4][8]; //各ステーションからのCAN受信データ
      |                ^~~~~~~
../Core/Inc/app.h:18:16: warning: 'sndData' defined but not used [-Wunused-variable]
   18 | static uint8_t sndData[4][8]; //各ステーションへのCAN送信データ
      |                ^~~~~~~
arm-none-eabi-gcc "../Core/Src/main.c" -mcpu=cortex-m4 -std=gnu11 -g3 -DDEBUG -DUSE_HAL_DRIVER -DSTM32F446xx -c -I../Core/Inc -I../Drivers/STM32F4xx_HAL_Driver/Inc -I../Drivers/STM32F4xx_HAL_Driver/Inc/Legacy -I../Drivers/CMSIS/Device/ST/STM32F4xx/Include -I../Drivers/CMSIS/Include -O0 -ffunction-sections -fdata-sections -Wall -fstack-usage -MMD -MP -MF"Core/Src/main.d" -MT"Core/Src/main.o" --specs=nano.specs -mfpu=fpv4-sp-d16 -mfloat-abi=hard -mthumb -o "Core/Src/main.o"
arm-none-eabi-gcc "../Core/Src/stm32f4xx_hal_msp.c" -mcpu=cortex-m4 -std=gnu11 -g3 -DDEBUG -DUSE_HAL_DRIVER -DSTM32F446xx -c -I../Core/Inc -I../Drivers/STM32F4xx_HAL_Driver/Inc -I../Drivers/STM32F4xx_HAL_Driver/Inc/Legacy -I../Drivers/CMSIS/Device/ST/STM32F4xx/Include -I../Drivers/CMSIS/Include -O0 -ffunction-sections -fdata-sections -Wall -fstack-usage -MMD -MP -MF"Core/Src/stm32f4xx_hal_msp.d" -MT"Core/Src/stm32f4xx_hal_msp.o" --specs=nano.specs -mfpu=fpv4-sp-d16 -mfloat-abi=hard -mthumb -o "Core/Src/stm32f4xx_hal_msp.o"
arm-none-eabi-gcc "../Core/Src/stm32f4xx_it.c" -mcpu=cortex-m4 -std=gnu11 -g3 -DDEBUG -DUSE_HAL_DRIVER -DSTM32F446xx -c -I../Core/Inc -I../Drivers/STM32F4xx_HAL_Driver/Inc -I../Drivers/STM32F4xx_HAL_Driver/Inc/Legacy -I../Drivers/CMSIS/Device/ST/STM32F4xx/Include -I../Drivers/CMSIS/Include -O0 -ffunction-sections -fdata-sections -Wall -fstack-usage -MMD -MP -MF"Core/Src/stm32f4xx_it.d" -MT"Core/Src/stm32f4xx_it.o" --specs=nano.specs -mfpu=fpv4-sp-d16 -mfloat-abi=hard -mthumb -o "Core/Src/stm32f4xx_it.o"
In file included from ../Core/Inc/main.h:38,
                 from ../Core/Src/main.c:21:
../Core/Inc/app.h:20:16: warning: 'rcvDataJudge' defined but not used [-Wunused-variable]
   20 | static uint8_t rcvDataJudge[8]; //各ステーションからのCAN受信データ
      |                ^~~~~~~~~~~~
../Core/Inc/app.h:19:16: warning: 'rcvData' defined but not used [-Wunused-variable]
   19 | static uint8_t rcvData[4][8]; //各ステーションからのCAN受信データ
      |                ^~~~~~~
../Core/Inc/app.h:18:16: warning: 'sndData' defined but not used [-Wunused-variable]
   18 | static uint8_t sndData[4][8]; //各ステーションへのCAN送信データ
      |                ^~~~~~~
In file included from ../Core/Inc/main.h:38,
                 from ../Core/Src/stm32f4xx_hal_msp.c:23:
../Core/Inc/app.h:20:16: warning: 'rcvDataJudge' defined but not used [-Wunused-variable]
   20 | static uint8_t rcvDataJudge[8]; //各ステーションからのCAN受信データ
      |                ^~~~~~~~~~~~
../Core/Inc/app.h:19:16: warning: 'rcvData' defined but not used [-Wunused-variable]
   19 | static uint8_t rcvData[4][8]; //各ステーションからのCAN受信データ
      |                ^~~~~~~
../Core/Inc/app.h:18:16: warning: 'sndData' defined but not used [-Wunused-variable]
   18 | static uint8_t sndData[4][8]; //各ステーションへのCAN送信データ
      |                ^~~~~~~
../Core/Src/stm32f4xx_it.c: In function 'CAN1_TX_IRQHandler':
../Core/Src/stm32f4xx_it.c:242:3: warning: implicit declaration of function 'HAL_CAN_TxMailboxCompleteCallback'; did you mean 'HAL_CAN_TxMailbox2CompleteCallback'? [-Wimplicit-function-declaration]
  242 |   HAL_CAN_TxMailboxCompleteCallback();
      |   ^~~~~~~~~~~~~~~~~~~~~~~~~~~~~~~~~
      |   HAL_CAN_TxMailbox2CompleteCallback
In file included from ../Core/Inc/main.h:38,
                 from ../Core/Src/stm32f4xx_it.c:22:
At top level:
../Core/Inc/app.h:20:16: warning: 'rcvDataJudge' defined but not used [-Wunused-variable]
   20 | static uint8_t rcvDataJudge[8]; //各ステーションからのCAN受信データ
      |                ^~~~~~~~~~~~
../Core/Inc/app.h:19:16: warning: 'rcvData' defined but not used [-Wunused-variable]
   19 | static uint8_t rcvData[4][8]; //各ステーションからのCAN受信データ
      |                ^~~~~~~
../Core/Inc/app.h:18:16: warning: 'sndData' defined but not used [-Wunused-variable]
   18 | static uint8_t sndData[4][8]; //各ステーションへのCAN送信データ
      |                ^~~~~~~
arm-none-eabi-gcc -o "GINGAAAN_TEST.elf" @"objects.list"   -mcpu=cortex-m4 -T"/Users/UnknownSP/STM32CubeIDE/GINGAAAN/GINGAAAN_TEST/STM32F446RETX_FLASH.ld" --specs=nosys.specs -Wl,-Map="GINGAAAN_TEST.map" -Wl,--gc-sections -static --specs=nano.specs -mfpu=fpv4-sp-d16 -mfloat-abi=hard -mthumb -Wl,--start-group -lc -lm -Wl,--end-group
Finished building target: GINGAAAN_TEST.elf
 
arm-none-eabi-size   GINGAAAN_TEST.elf 
arm-none-eabi-objdump -h -S  GINGAAAN_TEST.elf  > "GINGAAAN_TEST.list"
arm-none-eabi-objcopy  -O binary  GINGAAAN_TEST.elf  "GINGAAAN_TEST.bin"
   text	   data	    bss	    dec	    hex	filename
  26292	     64	   3616	  29972	   7514	GINGAAAN_TEST.elf
Finished building: default.size.stdout
 
Finished building: GINGAAAN_TEST.bin
 
Finished building: GINGAAAN_TEST.list
 
18:04:23 **** Incremental Build of configuration Debug for project GINGAAAN_TEST ****
make -j3 all 
arm-none-eabi-gcc "../Core/Src/app.c" -mcpu=cortex-m4 -std=gnu11 -g3 -DDEBUG -DUSE_HAL_DRIVER -DSTM32F446xx -c -I../Core/Inc -I../Drivers/STM32F4xx_HAL_Driver/Inc -I../Drivers/STM32F4xx_HAL_Driver/Inc/Legacy -I../Drivers/CMSIS/Device/ST/STM32F4xx/Include -I../Drivers/CMSIS/Include -O0 -ffunction-sections -fdata-sections -Wall -fstack-usage -MMD -MP -MF"Core/Src/app.d" -MT"Core/Src/app.o" --specs=nano.specs -mfpu=fpv4-sp-d16 -mfloat-abi=hard -mthumb -o "Core/Src/app.o"
arm-none-eabi-gcc -o "GINGAAAN_TEST.elf" @"objects.list"   -mcpu=cortex-m4 -T"/Users/UnknownSP/STM32CubeIDE/GINGAAAN/GINGAAAN_TEST/STM32F446RETX_FLASH.ld" --specs=nosys.specs -Wl,-Map="GINGAAAN_TEST.map" -Wl,--gc-sections -static --specs=nano.specs -mfpu=fpv4-sp-d16 -mfloat-abi=hard -mthumb -Wl,--start-group -lc -lm -Wl,--end-group
Finished building target: GINGAAAN_TEST.elf
 
arm-none-eabi-size   GINGAAAN_TEST.elf 
arm-none-eabi-objdump -h -S  GINGAAAN_TEST.elf  > "GINGAAAN_TEST.list"
arm-none-eabi-objcopy  -O binary  GINGAAAN_TEST.elf  "GINGAAAN_TEST.bin"
   text	   data	    bss	    dec	    hex	filename
  26292	     64	   3616	  29972	   7514	GINGAAAN_TEST.elf
Finished building: default.size.stdout
 
Finished building: GINGAAAN_TEST.bin
 
Finished building: GINGAAAN_TEST.list
 
20:22:41 **** Incremental Build of configuration Debug for project GINGAAAN_TEST ****
make -j3 all 
arm-none-eabi-gcc "../Core/Src/app.c" -mcpu=cortex-m4 -std=gnu11 -g3 -DDEBUG -DUSE_HAL_DRIVER -DSTM32F446xx -c -I../Core/Inc -I../Drivers/STM32F4xx_HAL_Driver/Inc -I../Drivers/STM32F4xx_HAL_Driver/Inc/Legacy -I../Drivers/CMSIS/Device/ST/STM32F4xx/Include -I../Drivers/CMSIS/Include -O0 -ffunction-sections -fdata-sections -Wall -fstack-usage -MMD -MP -MF"Core/Src/app.d" -MT"Core/Src/app.o" --specs=nano.specs -mfpu=fpv4-sp-d16 -mfloat-abi=hard -mthumb -o "Core/Src/app.o"
../Core/Src/app.c: In function 'appTask':
../Core/Src/app.c:45:17: warning: unused variable 'StepSpeed' [-Wunused-variable]
   45 |  static uint8_t StepSpeed[19] = {
      |                 ^~~~~~~~~
At top level:
../Core/Src/app.c:45:17: warning: 'StepSpeed' defined but not used [-Wunused-variable]
../Core/Src/app.c:199:12: warning: 'SM_CalSpeed' defined but not used [-Wunused-function]
  199 | static int SM_CalSpeed(int targetSpeed){
      |            ^~~~~~~~~~~
arm-none-eabi-gcc -o "GINGAAAN_TEST.elf" @"objects.list"   -mcpu=cortex-m4 -T"/Users/UnknownSP/STM32CubeIDE/GINGAAAN/GINGAAAN_TEST/STM32F446RETX_FLASH.ld" --specs=nosys.specs -Wl,-Map="GINGAAAN_TEST.map" -Wl,--gc-sections -static --specs=nano.specs -mfpu=fpv4-sp-d16 -mfloat-abi=hard -mthumb -Wl,--start-group -lc -lm -Wl,--end-group
Finished building target: GINGAAAN_TEST.elf
 
arm-none-eabi-size   GINGAAAN_TEST.elf 
arm-none-eabi-objdump -h -S  GINGAAAN_TEST.elf  > "GINGAAAN_TEST.list"
arm-none-eabi-objcopy  -O binary  GINGAAAN_TEST.elf  "GINGAAAN_TEST.bin"
Finished building: GINGAAAN_TEST.bin
   text	   data	    bss	    dec	    hex	filename
  28344	     44	   3604	  31992	   7cf8	GINGAAAN_TEST.elf
 
Finished building: default.size.stdout
 
Finished building: GINGAAAN_TEST.list
 
20:23:06 **** Incremental Build of configuration Debug for project GINGAAAN_TEST ****
make -j3 all 
arm-none-eabi-size   GINGAAAN_TEST.elf 
   text	   data	    bss	    dec	    hex	filename
  28344	     44	   3604	  31992	   7cf8	GINGAAAN_TEST.elf
Finished building: default.size.stdout
 
20:23:39 **** Incremental Build of configuration Debug for project GINGAAAN_TEST ****
make -j3 all 
arm-none-eabi-gcc "../Core/Src/app.c" -mcpu=cortex-m4 -std=gnu11 -g3 -DDEBUG -DUSE_HAL_DRIVER -DSTM32F446xx -c -I../Core/Inc -I../Drivers/STM32F4xx_HAL_Driver/Inc -I../Drivers/STM32F4xx_HAL_Driver/Inc/Legacy -I../Drivers/CMSIS/Device/ST/STM32F4xx/Include -I../Drivers/CMSIS/Include -O0 -ffunction-sections -fdata-sections -Wall -fstack-usage -MMD -MP -MF"Core/Src/app.d" -MT"Core/Src/app.o" --specs=nano.specs -mfpu=fpv4-sp-d16 -mfloat-abi=hard -mthumb -o "Core/Src/app.o"
../Core/Src/app.c: In function 'appTask':
../Core/Src/app.c:45:17: warning: unused variable 'StepSpeed' [-Wunused-variable]
   45 |  static uint8_t StepSpeed[19] = {
      |                 ^~~~~~~~~
At top level:
../Core/Src/app.c:45:17: warning: 'StepSpeed' defined but not used [-Wunused-variable]
../Core/Src/app.c:199:12: warning: 'SM_CalSpeed' defined but not used [-Wunused-function]
  199 | static int SM_CalSpeed(int targetSpeed){
      |            ^~~~~~~~~~~
arm-none-eabi-gcc -o "GINGAAAN_TEST.elf" @"objects.list"   -mcpu=cortex-m4 -T"/Users/UnknownSP/STM32CubeIDE/GINGAAAN/GINGAAAN_TEST/STM32F446RETX_FLASH.ld" --specs=nosys.specs -Wl,-Map="GINGAAAN_TEST.map" -Wl,--gc-sections -static --specs=nano.specs -mfpu=fpv4-sp-d16 -mfloat-abi=hard -mthumb -Wl,--start-group -lc -lm -Wl,--end-group
Finished building target: GINGAAAN_TEST.elf
 
arm-none-eabi-size   GINGAAAN_TEST.elf 
arm-none-eabi-objdump -h -S  GINGAAAN_TEST.elf  > "GINGAAAN_TEST.list"
arm-none-eabi-objcopy  -O binary  GINGAAAN_TEST.elf  "GINGAAAN_TEST.bin"
   text	   data	    bss	    dec	    hex	filename
  28360	     44	   3604	  32008	   7d08	GINGAAAN_TEST.elf
Finished building: default.size.stdout
 
Finished building: GINGAAAN_TEST.bin
 
Finished building: GINGAAAN_TEST.list
 
20:24:06 **** Incremental Build of configuration Debug for project GINGAAAN_TEST ****
make -j3 all 
arm-none-eabi-gcc "../Core/Src/app.c" -mcpu=cortex-m4 -std=gnu11 -g3 -DDEBUG -DUSE_HAL_DRIVER -DSTM32F446xx -c -I../Core/Inc -I../Drivers/STM32F4xx_HAL_Driver/Inc -I../Drivers/STM32F4xx_HAL_Driver/Inc/Legacy -I../Drivers/CMSIS/Device/ST/STM32F4xx/Include -I../Drivers/CMSIS/Include -O0 -ffunction-sections -fdata-sections -Wall -fstack-usage -MMD -MP -MF"Core/Src/app.d" -MT"Core/Src/app.o" --specs=nano.specs -mfpu=fpv4-sp-d16 -mfloat-abi=hard -mthumb -o "Core/Src/app.o"
../Core/Src/app.c: In function 'appTask':
../Core/Src/app.c:45:17: warning: unused variable 'StepSpeed' [-Wunused-variable]
   45 |  static uint8_t StepSpeed[19] = {
      |                 ^~~~~~~~~
At top level:
../Core/Src/app.c:45:17: warning: 'StepSpeed' defined but not used [-Wunused-variable]
../Core/Src/app.c:199:12: warning: 'SM_CalSpeed' defined but not used [-Wunused-function]
  199 | static int SM_CalSpeed(int targetSpeed){
      |            ^~~~~~~~~~~
arm-none-eabi-gcc -o "GINGAAAN_TEST.elf" @"objects.list"   -mcpu=cortex-m4 -T"/Users/UnknownSP/STM32CubeIDE/GINGAAAN/GINGAAAN_TEST/STM32F446RETX_FLASH.ld" --specs=nosys.specs -Wl,-Map="GINGAAAN_TEST.map" -Wl,--gc-sections -static --specs=nano.specs -mfpu=fpv4-sp-d16 -mfloat-abi=hard -mthumb -Wl,--start-group -lc -lm -Wl,--end-group
Finished building target: GINGAAAN_TEST.elf
 
arm-none-eabi-size   GINGAAAN_TEST.elf 
arm-none-eabi-objdump -h -S  GINGAAAN_TEST.elf  > "GINGAAAN_TEST.list"
arm-none-eabi-objcopy  -O binary  GINGAAAN_TEST.elf  "GINGAAAN_TEST.bin"
   text	   data	    bss	    dec	    hex	filename
  28344	     44	   3604	  31992	   7cf8	GINGAAAN_TEST.elf
Finished building: default.size.stdout
 
Finished building: GINGAAAN_TEST.bin
 
Finished building: GINGAAAN_TEST.list
 
20:25:06 **** Incremental Build of configuration Debug for project GINGAAAN_TEST ****
make -j3 all 
arm-none-eabi-gcc "../Core/Src/app.c" -mcpu=cortex-m4 -std=gnu11 -g3 -DDEBUG -DUSE_HAL_DRIVER -DSTM32F446xx -c -I../Core/Inc -I../Drivers/STM32F4xx_HAL_Driver/Inc -I../Drivers/STM32F4xx_HAL_Driver/Inc/Legacy -I../Drivers/CMSIS/Device/ST/STM32F4xx/Include -I../Drivers/CMSIS/Include -O0 -ffunction-sections -fdata-sections -Wall -fstack-usage -MMD -MP -MF"Core/Src/app.d" -MT"Core/Src/app.o" --specs=nano.specs -mfpu=fpv4-sp-d16 -mfloat-abi=hard -mthumb -o "Core/Src/app.o"
../Core/Src/app.c: In function 'appTask':
../Core/Src/app.c:45:17: warning: unused variable 'StepSpeed' [-Wunused-variable]
   45 |  static uint8_t StepSpeed[19] = {
      |                 ^~~~~~~~~
../Core/Src/app.c:41:13: warning: unused variable 'idCount' [-Wunused-variable]
   41 |  static int idCount = 8;
      |             ^~~~~~~
At top level:
../Core/Src/app.c:41:13: warning: 'idCount' defined but not used [-Wunused-variable]
../Core/Src/app.c:45:17: warning: 'StepSpeed' defined but not used [-Wunused-variable]
   45 |  static uint8_t StepSpeed[19] = {
      |                 ^~~~~~~~~
../Core/Src/app.c:201:12: warning: 'SM_CalSpeed' defined but not used [-Wunused-function]
  201 | static int SM_CalSpeed(int targetSpeed){
      |            ^~~~~~~~~~~
arm-none-eabi-gcc -o "GINGAAAN_TEST.elf" @"objects.list"   -mcpu=cortex-m4 -T"/Users/UnknownSP/STM32CubeIDE/GINGAAAN/GINGAAAN_TEST/STM32F446RETX_FLASH.ld" --specs=nosys.specs -Wl,-Map="GINGAAAN_TEST.map" -Wl,--gc-sections -static --specs=nano.specs -mfpu=fpv4-sp-d16 -mfloat-abi=hard -mthumb -Wl,--start-group -lc -lm -Wl,--end-group
Finished building target: GINGAAAN_TEST.elf
 
arm-none-eabi-size   GINGAAAN_TEST.elf 
arm-none-eabi-objdump -h -S  GINGAAAN_TEST.elf  > "GINGAAAN_TEST.list"
arm-none-eabi-objcopy  -O binary  GINGAAAN_TEST.elf  "GINGAAAN_TEST.bin"
   text	   data	    bss	    dec	    hex	filename
  27876	     40	   3600	  31516	   7b1c	GINGAAAN_TEST.elf
Finished building: default.size.stdout
 
Finished building: GINGAAAN_TEST.bin
 
Finished building: GINGAAAN_TEST.list
 
20:25:56 **** Incremental Build of configuration Debug for project GINGAAAN_TEST ****
make -j3 all 
arm-none-eabi-gcc "../Core/Src/app.c" -mcpu=cortex-m4 -std=gnu11 -g3 -DDEBUG -DUSE_HAL_DRIVER -DSTM32F446xx -c -I../Core/Inc -I../Drivers/STM32F4xx_HAL_Driver/Inc -I../Drivers/STM32F4xx_HAL_Driver/Inc/Legacy -I../Drivers/CMSIS/Device/ST/STM32F4xx/Include -I../Drivers/CMSIS/Include -O0 -ffunction-sections -fdata-sections -Wall -fstack-usage -MMD -MP -MF"Core/Src/app.d" -MT"Core/Src/app.o" --specs=nano.specs -mfpu=fpv4-sp-d16 -mfloat-abi=hard -mthumb -o "Core/Src/app.o"
../Core/Src/app.c: In function 'appTask':
../Core/Src/app.c:45:17: warning: unused variable 'StepSpeed' [-Wunused-variable]
   45 |  static uint8_t StepSpeed[19] = {
      |                 ^~~~~~~~~
../Core/Src/app.c:41:13: warning: unused variable 'idCount' [-Wunused-variable]
   41 |  static int idCount = 8;
      |             ^~~~~~~
At top level:
../Core/Src/app.c:41:13: warning: 'idCount' defined but not used [-Wunused-variable]
../Core/Src/app.c:45:17: warning: 'StepSpeed' defined but not used [-Wunused-variable]
   45 |  static uint8_t StepSpeed[19] = {
      |                 ^~~~~~~~~
../Core/Src/app.c:201:12: warning: 'SM_CalSpeed' defined but not used [-Wunused-function]
  201 | static int SM_CalSpeed(int targetSpeed){
      |            ^~~~~~~~~~~
arm-none-eabi-gcc -o "GINGAAAN_TEST.elf" @"objects.list"   -mcpu=cortex-m4 -T"/Users/UnknownSP/STM32CubeIDE/GINGAAAN/GINGAAAN_TEST/STM32F446RETX_FLASH.ld" --specs=nosys.specs -Wl,-Map="GINGAAAN_TEST.map" -Wl,--gc-sections -static --specs=nano.specs -mfpu=fpv4-sp-d16 -mfloat-abi=hard -mthumb -Wl,--start-group -lc -lm -Wl,--end-group
Finished building target: GINGAAAN_TEST.elf
 
arm-none-eabi-size   GINGAAAN_TEST.elf 
arm-none-eabi-objdump -h -S  GINGAAAN_TEST.elf  > "GINGAAAN_TEST.list"
arm-none-eabi-objcopy  -O binary  GINGAAAN_TEST.elf  "GINGAAAN_TEST.bin"
   text	   data	    bss	    dec	    hex	filename
  27856	     40	   3600	  31496	   7b08	GINGAAAN_TEST.elf
Finished building: default.size.stdout
 
Finished building: GINGAAAN_TEST.bin
 
Finished building: GINGAAAN_TEST.list
 
20:26:23 **** Incremental Build of configuration Debug for project GINGAAAN_TEST ****
make -j3 all 
arm-none-eabi-gcc "../Core/Src/app.c" -mcpu=cortex-m4 -std=gnu11 -g3 -DDEBUG -DUSE_HAL_DRIVER -DSTM32F446xx -c -I../Core/Inc -I../Drivers/STM32F4xx_HAL_Driver/Inc -I../Drivers/STM32F4xx_HAL_Driver/Inc/Legacy -I../Drivers/CMSIS/Device/ST/STM32F4xx/Include -I../Drivers/CMSIS/Include -O0 -ffunction-sections -fdata-sections -Wall -fstack-usage -MMD -MP -MF"Core/Src/app.d" -MT"Core/Src/app.o" --specs=nano.specs -mfpu=fpv4-sp-d16 -mfloat-abi=hard -mthumb -o "Core/Src/app.o"
../Core/Src/app.c: In function 'appTask':
../Core/Src/app.c:45:17: warning: unused variable 'StepSpeed' [-Wunused-variable]
   45 |  static uint8_t StepSpeed[19] = {
      |                 ^~~~~~~~~
../Core/Src/app.c:41:13: warning: unused variable 'idCount' [-Wunused-variable]
   41 |  static int idCount = 8;
      |             ^~~~~~~
At top level:
../Core/Src/app.c:41:13: warning: 'idCount' defined but not used [-Wunused-variable]
../Core/Src/app.c:45:17: warning: 'StepSpeed' defined but not used [-Wunused-variable]
   45 |  static uint8_t StepSpeed[19] = {
      |                 ^~~~~~~~~
../Core/Src/app.c:201:12: warning: 'SM_CalSpeed' defined but not used [-Wunused-function]
  201 | static int SM_CalSpeed(int targetSpeed){
      |            ^~~~~~~~~~~
arm-none-eabi-gcc -o "GINGAAAN_TEST.elf" @"objects.list"   -mcpu=cortex-m4 -T"/Users/UnknownSP/STM32CubeIDE/GINGAAAN/GINGAAAN_TEST/STM32F446RETX_FLASH.ld" --specs=nosys.specs -Wl,-Map="GINGAAAN_TEST.map" -Wl,--gc-sections -static --specs=nano.specs -mfpu=fpv4-sp-d16 -mfloat-abi=hard -mthumb -Wl,--start-group -lc -lm -Wl,--end-group
Finished building target: GINGAAAN_TEST.elf
 
arm-none-eabi-size   GINGAAAN_TEST.elf 
arm-none-eabi-objdump -h -S  GINGAAAN_TEST.elf  > "GINGAAAN_TEST.list"
arm-none-eabi-objcopy  -O binary  GINGAAAN_TEST.elf  "GINGAAAN_TEST.bin"
   text	   data	    bss	    dec	    hex	filename
  27856	     40	   3600	  31496	   7b08	GINGAAAN_TEST.elf
Finished building: default.size.stdout
 
Finished building: GINGAAAN_TEST.bin
 
Finished building: GINGAAAN_TEST.list
 
20:32:29 **** Incremental Build of configuration Debug for project GINGAAAN_TEST ****
make -j3 all 
arm-none-eabi-gcc "../Core/Src/app.c" -mcpu=cortex-m4 -std=gnu11 -g3 -DDEBUG -DUSE_HAL_DRIVER -DSTM32F446xx -c -I../Core/Inc -I../Drivers/STM32F4xx_HAL_Driver/Inc -I../Drivers/STM32F4xx_HAL_Driver/Inc/Legacy -I../Drivers/CMSIS/Device/ST/STM32F4xx/Include -I../Drivers/CMSIS/Include -O0 -ffunction-sections -fdata-sections -Wall -fstack-usage -MMD -MP -MF"Core/Src/app.d" -MT"Core/Src/app.o" --specs=nano.specs -mfpu=fpv4-sp-d16 -mfloat-abi=hard -mthumb -o "Core/Src/app.o"
../Core/Src/app.c: In function 'appTask':
../Core/Src/app.c:45:17: warning: unused variable 'StepSpeed' [-Wunused-variable]
   45 |  static uint8_t StepSpeed[19] = {
      |                 ^~~~~~~~~
../Core/Src/app.c:41:13: warning: unused variable 'idCount' [-Wunused-variable]
   41 |  static int idCount = 8;
      |             ^~~~~~~
At top level:
../Core/Src/app.c:41:13: warning: 'idCount' defined but not used [-Wunused-variable]
../Core/Src/app.c:45:17: warning: 'StepSpeed' defined but not used [-Wunused-variable]
   45 |  static uint8_t StepSpeed[19] = {
      |                 ^~~~~~~~~
../Core/Src/app.c:201:12: warning: 'SM_CalSpeed' defined but not used [-Wunused-function]
  201 | static int SM_CalSpeed(int targetSpeed){
      |            ^~~~~~~~~~~
arm-none-eabi-gcc -o "GINGAAAN_TEST.elf" @"objects.list"   -mcpu=cortex-m4 -T"/Users/UnknownSP/STM32CubeIDE/GINGAAAN/GINGAAAN_TEST/STM32F446RETX_FLASH.ld" --specs=nosys.specs -Wl,-Map="GINGAAAN_TEST.map" -Wl,--gc-sections -static --specs=nano.specs -mfpu=fpv4-sp-d16 -mfloat-abi=hard -mthumb -Wl,--start-group -lc -lm -Wl,--end-group
Finished building target: GINGAAAN_TEST.elf
 
arm-none-eabi-size   GINGAAAN_TEST.elf 
arm-none-eabi-objdump -h -S  GINGAAAN_TEST.elf  > "GINGAAAN_TEST.list"
arm-none-eabi-objcopy  -O binary  GINGAAAN_TEST.elf  "GINGAAAN_TEST.bin"
   text	   data	    bss	    dec	    hex	filename
  27856	     40	   3600	  31496	   7b08	GINGAAAN_TEST.elf
Finished building: default.size.stdout
 
Finished building: GINGAAAN_TEST.bin
 
Finished building: GINGAAAN_TEST.list
 
20:34:34 **** Incremental Build of configuration Debug for project GINGAAAN_TEST ****
make -j3 all 
arm-none-eabi-gcc "../Drivers/PWM/Src/pwm.c" -mcpu=cortex-m4 -std=gnu11 -g3 -DDEBUG -DUSE_HAL_DRIVER -DSTM32F446xx -c -I../Core/Inc -I../Drivers/STM32F4xx_HAL_Driver/Inc -I../Drivers/STM32F4xx_HAL_Driver/Inc/Legacy -I../Drivers/CMSIS/Device/ST/STM32F4xx/Include -I../Drivers/CMSIS/Include -O0 -ffunction-sections -fdata-sections -Wall -fstack-usage -MMD -MP -MF"Drivers/PWM/Src/pwm.d" -MT"Drivers/PWM/Src/pwm.o" --specs=nano.specs -mfpu=fpv4-sp-d16 -mfloat-abi=hard -mthumb -o "Drivers/PWM/Src/pwm.o"
arm-none-eabi-gcc "../Drivers/Message/Src/message.c" -mcpu=cortex-m4 -std=gnu11 -g3 -DDEBUG -DUSE_HAL_DRIVER -DSTM32F446xx -c -I../Core/Inc -I../Drivers/STM32F4xx_HAL_Driver/Inc -I../Drivers/STM32F4xx_HAL_Driver/Inc/Legacy -I../Drivers/CMSIS/Device/ST/STM32F4xx/Include -I../Drivers/CMSIS/Include -O0 -ffunction-sections -fdata-sections -Wall -fstack-usage -MMD -MP -MF"Drivers/Message/Src/message.d" -MT"Drivers/Message/Src/message.o" --specs=nano.specs -mfpu=fpv4-sp-d16 -mfloat-abi=hard -mthumb -o "Drivers/Message/Src/message.o"
arm-none-eabi-gcc "../Drivers/I2C/Src/I2C.c" -mcpu=cortex-m4 -std=gnu11 -g3 -DDEBUG -DUSE_HAL_DRIVER -DSTM32F446xx -c -I../Core/Inc -I../Drivers/STM32F4xx_HAL_Driver/Inc -I../Drivers/STM32F4xx_HAL_Driver/Inc/Legacy -I../Drivers/CMSIS/Device/ST/STM32F4xx/Include -I../Drivers/CMSIS/Include -O0 -ffunction-sections -fdata-sections -Wall -fstack-usage -MMD -MP -MF"Drivers/I2C/Src/I2C.d" -MT"Drivers/I2C/Src/I2C.o" --specs=nano.specs -mfpu=fpv4-sp-d16 -mfloat-abi=hard -mthumb -o "Drivers/I2C/Src/I2C.o"
In file included from ../Core/Inc/main.h:38,
                 from ../Drivers/I2C/Src/../Inc/I2C.h:11,
                 from ../Drivers/I2C/Src/I2C.c:9:
../Core/Inc/app.h:20:16: warning: 'rcvDataJudge' defined but not used [-Wunused-variable]
   20 | static uint8_t rcvDataJudge[8]; //各ステーションからのCAN受信データ
      |                ^~~~~~~~~~~~
../Core/Inc/app.h:19:16: warning: 'rcvData' defined but not used [-Wunused-variable]
   19 | static uint8_t rcvData[4][8]; //各ステーションからのCAN受信データ
      |                ^~~~~~~
../Core/Inc/app.h:18:16: warning: 'sndData' defined but not used [-Wunused-variable]
   18 | static uint8_t sndData[4][8]; //各ステーションへのCAN送信データ
      |                ^~~~~~~
In file included from ../Core/Inc/main.h:38,
                 from ../Drivers/Message/Src/message.c:7:
../Core/Inc/app.h:20:16: warning: 'rcvDataJudge' defined but not used [-Wunused-variable]
   20 | static uint8_t rcvDataJudge[8]; //各ステーションからのCAN受信データ
      |                ^~~~~~~~~~~~
In file included from ../Core/Inc/main.h:38,
                 from ../Drivers/PWM/Src/../Inc/pwm.h:11,
                 from ../Drivers/PWM/Src/pwm.c:8:
../Core/Inc/app.h:20:16: warning: 'rcvDataJudge' defined but not used [-Wunused-variable]
   20 | static uint8_t rcvDataJudge[8]; //各ステーションからのCAN受信データ
      |                ^~~~~~~~~~~~
../Core/Inc/app.h:19:16: warning: 'rcvData' defined but not used [-Wunused-variable]
   19 | static uint8_t rcvData[4][8]; //各ステーションからのCAN受信データ
      |                ^~~~~~~
../Core/Inc/app.h:18:16: warning: 'sndData' defined but not used [-Wunused-variable]
   18 | static uint8_t sndData[4][8]; //各ステーションへのCAN送信データ
      |                ^~~~~~~
../Core/Inc/app.h:19:16: warning: 'rcvData' defined but not used [-Wunused-variable]
   19 | static uint8_t rcvData[4][8]; //各ステーションからのCAN受信データ
      |                ^~~~~~~
../Core/Inc/app.h:18:16: warning: 'sndData' defined but not used [-Wunused-variable]
   18 | static uint8_t sndData[4][8]; //各ステーションへのCAN送信データ
      |                ^~~~~~~
arm-none-eabi-gcc "../Drivers/GPIO/Src/GPIO.c" -mcpu=cortex-m4 -std=gnu11 -g3 -DDEBUG -DUSE_HAL_DRIVER -DSTM32F446xx -c -I../Core/Inc -I../Drivers/STM32F4xx_HAL_Driver/Inc -I../Drivers/STM32F4xx_HAL_Driver/Inc/Legacy -I../Drivers/CMSIS/Device/ST/STM32F4xx/Include -I../Drivers/CMSIS/Include -O0 -ffunction-sections -fdata-sections -Wall -fstack-usage -MMD -MP -MF"Drivers/GPIO/Src/GPIO.d" -MT"Drivers/GPIO/Src/GPIO.o" --specs=nano.specs -mfpu=fpv4-sp-d16 -mfloat-abi=hard -mthumb -o "Drivers/GPIO/Src/GPIO.o"
arm-none-eabi-gcc "../Drivers/CAN/Src/CAN.c" -mcpu=cortex-m4 -std=gnu11 -g3 -DDEBUG -DUSE_HAL_DRIVER -DSTM32F446xx -c -I../Core/Inc -I../Drivers/STM32F4xx_HAL_Driver/Inc -I../Drivers/STM32F4xx_HAL_Driver/Inc/Legacy -I../Drivers/CMSIS/Device/ST/STM32F4xx/Include -I../Drivers/CMSIS/Include -O0 -ffunction-sections -fdata-sections -Wall -fstack-usage -MMD -MP -MF"Drivers/CAN/Src/CAN.d" -MT"Drivers/CAN/Src/CAN.o" --specs=nano.specs -mfpu=fpv4-sp-d16 -mfloat-abi=hard -mthumb -o "Drivers/CAN/Src/CAN.o"
arm-none-eabi-gcc "../Core/Src/app.c" -mcpu=cortex-m4 -std=gnu11 -g3 -DDEBUG -DUSE_HAL_DRIVER -DSTM32F446xx -c -I../Core/Inc -I../Drivers/STM32F4xx_HAL_Driver/Inc -I../Drivers/STM32F4xx_HAL_Driver/Inc/Legacy -I../Drivers/CMSIS/Device/ST/STM32F4xx/Include -I../Drivers/CMSIS/Include -O0 -ffunction-sections -fdata-sections -Wall -fstack-usage -MMD -MP -MF"Core/Src/app.d" -MT"Core/Src/app.o" --specs=nano.specs -mfpu=fpv4-sp-d16 -mfloat-abi=hard -mthumb -o "Core/Src/app.o"
In file included from ../Core/Inc/main.h:38,
                 from ../Drivers/GPIO/Src/../Inc/GPIO.h:11,
                 from ../Drivers/GPIO/Src/GPIO.c:8:
../Core/Inc/app.h:20:16: warning: 'rcvDataJudge' defined but not used [-Wunused-variable]
   20 | static uint8_t rcvDataJudge[8]; //各ステーションからのCAN受信データ
      |                ^~~~~~~~~~~~
../Core/Inc/app.h:19:16: warning: 'rcvData' defined but not used [-Wunused-variable]
   19 | static uint8_t rcvData[4][8]; //各ステーションからのCAN受信データ
      |                ^~~~~~~
../Core/Inc/app.h:18:16: warning: 'sndData' defined but not used [-Wunused-variable]
   18 | static uint8_t sndData[4][8]; //各ステーションへのCAN送信データ
      |                ^~~~~~~
../Drivers/CAN/Src/CAN.c: In function 'D_CAN_Receive':
../Drivers/CAN/Src/CAN.c:85:6: warning: variable 'setIdx' set but not used [-Wunused-but-set-variable]
   85 |  int setIdx = 0;
      |      ^~~~~~
../Drivers/CAN/Src/CAN.c: In function 'D_CAN_ReceiveCallBack':
../Drivers/CAN/Src/CAN.c:125:7: warning: variable 'setIdx' set but not used [-Wunused-but-set-variable]
  125 |   int setIdx = 0;
      |       ^~~~~~
In file included from ../Core/Inc/main.h:38,
                 from ../Drivers/CAN/Src/../Inc/CAN.h:11,
                 from ../Drivers/CAN/Src/CAN.c:8:
At top level:
../Core/Inc/app.h:20:16: warning: 'rcvDataJudge' defined but not used [-Wunused-variable]
   20 | static uint8_t rcvDataJudge[8]; //各ステーションからのCAN受信データ
      |                ^~~~~~~~~~~~
../Core/Inc/app.h:19:16: warning: 'rcvData' defined but not used [-Wunused-variable]
   19 | static uint8_t rcvData[4][8]; //各ステーションからのCAN受信データ
      |                ^~~~~~~
../Core/Inc/app.h:18:16: warning: 'sndData' defined but not used [-Wunused-variable]
   18 | static uint8_t sndData[4][8]; //各ステーションへのCAN送信データ
      |                ^~~~~~~
../Core/Src/app.c: In function 'appTask':
../Core/Src/app.c:45:17: warning: unused variable 'StepSpeed' [-Wunused-variable]
   45 |  static uint8_t StepSpeed[19] = {
      |                 ^~~~~~~~~
../Core/Src/app.c:41:13: warning: unused variable 'idCount' [-Wunused-variable]
   41 |  static int idCount = 8;
      |             ^~~~~~~
At top level:
../Core/Src/app.c:41:13: warning: 'idCount' defined but not used [-Wunused-variable]
../Core/Src/app.c:45:17: warning: 'StepSpeed' defined but not used [-Wunused-variable]
   45 |  static uint8_t StepSpeed[19] = {
      |                 ^~~~~~~~~
../Core/Src/app.c:201:12: warning: 'SM_CalSpeed' defined but not used [-Wunused-function]
  201 | static int SM_CalSpeed(int targetSpeed){
      |            ^~~~~~~~~~~
arm-none-eabi-gcc "../Core/Src/main.c" -mcpu=cortex-m4 -std=gnu11 -g3 -DDEBUG -DUSE_HAL_DRIVER -DSTM32F446xx -c -I../Core/Inc -I../Drivers/STM32F4xx_HAL_Driver/Inc -I../Drivers/STM32F4xx_HAL_Driver/Inc/Legacy -I../Drivers/CMSIS/Device/ST/STM32F4xx/Include -I../Drivers/CMSIS/Include -O0 -ffunction-sections -fdata-sections -Wall -fstack-usage -MMD -MP -MF"Core/Src/main.d" -MT"Core/Src/main.o" --specs=nano.specs -mfpu=fpv4-sp-d16 -mfloat-abi=hard -mthumb -o "Core/Src/main.o"
arm-none-eabi-gcc "../Core/Src/stm32f4xx_hal_msp.c" -mcpu=cortex-m4 -std=gnu11 -g3 -DDEBUG -DUSE_HAL_DRIVER -DSTM32F446xx -c -I../Core/Inc -I../Drivers/STM32F4xx_HAL_Driver/Inc -I../Drivers/STM32F4xx_HAL_Driver/Inc/Legacy -I../Drivers/CMSIS/Device/ST/STM32F4xx/Include -I../Drivers/CMSIS/Include -O0 -ffunction-sections -fdata-sections -Wall -fstack-usage -MMD -MP -MF"Core/Src/stm32f4xx_hal_msp.d" -MT"Core/Src/stm32f4xx_hal_msp.o" --specs=nano.specs -mfpu=fpv4-sp-d16 -mfloat-abi=hard -mthumb -o "Core/Src/stm32f4xx_hal_msp.o"
arm-none-eabi-gcc "../Core/Src/stm32f4xx_it.c" -mcpu=cortex-m4 -std=gnu11 -g3 -DDEBUG -DUSE_HAL_DRIVER -DSTM32F446xx -c -I../Core/Inc -I../Drivers/STM32F4xx_HAL_Driver/Inc -I../Drivers/STM32F4xx_HAL_Driver/Inc/Legacy -I../Drivers/CMSIS/Device/ST/STM32F4xx/Include -I../Drivers/CMSIS/Include -O0 -ffunction-sections -fdata-sections -Wall -fstack-usage -MMD -MP -MF"Core/Src/stm32f4xx_it.d" -MT"Core/Src/stm32f4xx_it.o" --specs=nano.specs -mfpu=fpv4-sp-d16 -mfloat-abi=hard -mthumb -o "Core/Src/stm32f4xx_it.o"
In file included from ../Core/Inc/main.h:38,
                 from ../Core/Src/main.c:21:
../Core/Inc/app.h:20:16: warning: 'rcvDataJudge' defined but not used [-Wunused-variable]
   20 | static uint8_t rcvDataJudge[8]; //各ステーションからのCAN受信データ
      |                ^~~~~~~~~~~~
../Core/Inc/app.h:19:16: warning: 'rcvData' defined but not used [-Wunused-variable]
   19 | static uint8_t rcvData[4][8]; //各ステーションからのCAN受信データ
      |                ^~~~~~~
../Core/Inc/app.h:18:16: warning: 'sndData' defined but not used [-Wunused-variable]
   18 | static uint8_t sndData[4][8]; //各ステーションへのCAN送信データ
      |                ^~~~~~~
In file included from ../Core/Inc/main.h:38,
                 from ../Core/Src/stm32f4xx_hal_msp.c:23:
../Core/Inc/app.h:20:16: warning: 'rcvDataJudge' defined but not used [-Wunused-variable]
   20 | static uint8_t rcvDataJudge[8]; //各ステーションからのCAN受信データ
      |                ^~~~~~~~~~~~
../Core/Inc/app.h:19:16: warning: 'rcvData' defined but not used [-Wunused-variable]
   19 | static uint8_t rcvData[4][8]; //各ステーションからのCAN受信データ
      |                ^~~~~~~
../Core/Inc/app.h:18:16: warning: 'sndData' defined but not used [-Wunused-variable]
   18 | static uint8_t sndData[4][8]; //各ステーションへのCAN送信データ
      |                ^~~~~~~
../Core/Src/stm32f4xx_it.c: In function 'CAN1_TX_IRQHandler':
../Core/Src/stm32f4xx_it.c:242:3: warning: implicit declaration of function 'HAL_CAN_TxMailboxCompleteCallback'; did you mean 'HAL_CAN_TxMailbox2CompleteCallback'? [-Wimplicit-function-declaration]
  242 |   HAL_CAN_TxMailboxCompleteCallback();
      |   ^~~~~~~~~~~~~~~~~~~~~~~~~~~~~~~~~
      |   HAL_CAN_TxMailbox2CompleteCallback
In file included from ../Core/Inc/main.h:38,
                 from ../Core/Src/stm32f4xx_it.c:22:
At top level:
../Core/Inc/app.h:20:16: warning: 'rcvDataJudge' defined but not used [-Wunused-variable]
   20 | static uint8_t rcvDataJudge[8]; //各ステーションからのCAN受信データ
      |                ^~~~~~~~~~~~
../Core/Inc/app.h:19:16: warning: 'rcvData' defined but not used [-Wunused-variable]
   19 | static uint8_t rcvData[4][8]; //各ステーションからのCAN受信データ
      |                ^~~~~~~
../Core/Inc/app.h:18:16: warning: 'sndData' defined but not used [-Wunused-variable]
   18 | static uint8_t sndData[4][8]; //各ステーションへのCAN送信データ
      |                ^~~~~~~
arm-none-eabi-gcc -o "GINGAAAN_TEST.elf" @"objects.list"   -mcpu=cortex-m4 -T"/Users/UnknownSP/STM32CubeIDE/GINGAAAN/GINGAAAN_TEST/STM32F446RETX_FLASH.ld" --specs=nosys.specs -Wl,-Map="GINGAAAN_TEST.map" -Wl,--gc-sections -static --specs=nano.specs -mfpu=fpv4-sp-d16 -mfloat-abi=hard -mthumb -Wl,--start-group -lc -lm -Wl,--end-group
Finished building target: GINGAAAN_TEST.elf
 
arm-none-eabi-size   GINGAAAN_TEST.elf 
arm-none-eabi-objdump -h -S  GINGAAAN_TEST.elf  > "GINGAAAN_TEST.list"
arm-none-eabi-objcopy  -O binary  GINGAAAN_TEST.elf  "GINGAAAN_TEST.bin"
   text	   data	    bss	    dec	    hex	filename
  27864	     40	   3600	  31504	   7b10	GINGAAAN_TEST.elf
Finished building: default.size.stdout
 
Finished building: GINGAAAN_TEST.bin
 
Finished building: GINGAAAN_TEST.list
 
20:35:11 **** Incremental Build of configuration Debug for project GINGAAAN_TEST ****
make -j3 all 
arm-none-eabi-gcc "../Core/Src/app.c" -mcpu=cortex-m4 -std=gnu11 -g3 -DDEBUG -DUSE_HAL_DRIVER -DSTM32F446xx -c -I../Core/Inc -I../Drivers/STM32F4xx_HAL_Driver/Inc -I../Drivers/STM32F4xx_HAL_Driver/Inc/Legacy -I../Drivers/CMSIS/Device/ST/STM32F4xx/Include -I../Drivers/CMSIS/Include -O0 -ffunction-sections -fdata-sections -Wall -fstack-usage -MMD -MP -MF"Core/Src/app.d" -MT"Core/Src/app.o" --specs=nano.specs -mfpu=fpv4-sp-d16 -mfloat-abi=hard -mthumb -o "Core/Src/app.o"
../Core/Src/app.c: In function 'appTask':
../Core/Src/app.c:45:17: warning: unused variable 'StepSpeed' [-Wunused-variable]
   45 |  static uint8_t StepSpeed[19] = {
      |                 ^~~~~~~~~
../Core/Src/app.c:41:13: warning: unused variable 'idCount' [-Wunused-variable]
   41 |  static int idCount = 8;
      |             ^~~~~~~
At top level:
../Core/Src/app.c:41:13: warning: 'idCount' defined but not used [-Wunused-variable]
../Core/Src/app.c:45:17: warning: 'StepSpeed' defined but not used [-Wunused-variable]
   45 |  static uint8_t StepSpeed[19] = {
      |                 ^~~~~~~~~
../Core/Src/app.c:201:12: warning: 'SM_CalSpeed' defined but not used [-Wunused-function]
  201 | static int SM_CalSpeed(int targetSpeed){
      |            ^~~~~~~~~~~
arm-none-eabi-gcc -o "GINGAAAN_TEST.elf" @"objects.list"   -mcpu=cortex-m4 -T"/Users/UnknownSP/STM32CubeIDE/GINGAAAN/GINGAAAN_TEST/STM32F446RETX_FLASH.ld" --specs=nosys.specs -Wl,-Map="GINGAAAN_TEST.map" -Wl,--gc-sections -static --specs=nano.specs -mfpu=fpv4-sp-d16 -mfloat-abi=hard -mthumb -Wl,--start-group -lc -lm -Wl,--end-group
Finished building target: GINGAAAN_TEST.elf
 
arm-none-eabi-size   GINGAAAN_TEST.elf 
arm-none-eabi-objdump -h -S  GINGAAAN_TEST.elf  > "GINGAAAN_TEST.list"
arm-none-eabi-objcopy  -O binary  GINGAAAN_TEST.elf  "GINGAAAN_TEST.bin"
   text	   data	    bss	    dec	    hex	filename
  27864	     40	   3600	  31504	   7b10	GINGAAAN_TEST.elf
Finished building: default.size.stdout
 
Finished building: GINGAAAN_TEST.bin
 
Finished building: GINGAAAN_TEST.list
 
20:35:47 **** Incremental Build of configuration Debug for project GINGAAAN_TEST ****
make -j3 all 
arm-none-eabi-gcc "../Core/Src/app.c" -mcpu=cortex-m4 -std=gnu11 -g3 -DDEBUG -DUSE_HAL_DRIVER -DSTM32F446xx -c -I../Core/Inc -I../Drivers/STM32F4xx_HAL_Driver/Inc -I../Drivers/STM32F4xx_HAL_Driver/Inc/Legacy -I../Drivers/CMSIS/Device/ST/STM32F4xx/Include -I../Drivers/CMSIS/Include -O0 -ffunction-sections -fdata-sections -Wall -fstack-usage -MMD -MP -MF"Core/Src/app.d" -MT"Core/Src/app.o" --specs=nano.specs -mfpu=fpv4-sp-d16 -mfloat-abi=hard -mthumb -o "Core/Src/app.o"
../Core/Src/app.c: In function 'appTask':
../Core/Src/app.c:45:17: warning: unused variable 'StepSpeed' [-Wunused-variable]
   45 |  static uint8_t StepSpeed[19] = {
      |                 ^~~~~~~~~
../Core/Src/app.c:41:13: warning: unused variable 'idCount' [-Wunused-variable]
   41 |  static int idCount = 8;
      |             ^~~~~~~
At top level:
../Core/Src/app.c:41:13: warning: 'idCount' defined but not used [-Wunused-variable]
../Core/Src/app.c:45:17: warning: 'StepSpeed' defined but not used [-Wunused-variable]
   45 |  static uint8_t StepSpeed[19] = {
      |                 ^~~~~~~~~
../Core/Src/app.c:201:12: warning: 'SM_CalSpeed' defined but not used [-Wunused-function]
  201 | static int SM_CalSpeed(int targetSpeed){
      |            ^~~~~~~~~~~
arm-none-eabi-gcc -o "GINGAAAN_TEST.elf" @"objects.list"   -mcpu=cortex-m4 -T"/Users/UnknownSP/STM32CubeIDE/GINGAAAN/GINGAAAN_TEST/STM32F446RETX_FLASH.ld" --specs=nosys.specs -Wl,-Map="GINGAAAN_TEST.map" -Wl,--gc-sections -static --specs=nano.specs -mfpu=fpv4-sp-d16 -mfloat-abi=hard -mthumb -Wl,--start-group -lc -lm -Wl,--end-group
Finished building target: GINGAAAN_TEST.elf
 
arm-none-eabi-size   GINGAAAN_TEST.elf 
arm-none-eabi-objdump -h -S  GINGAAAN_TEST.elf  > "GINGAAAN_TEST.list"
arm-none-eabi-objcopy  -O binary  GINGAAAN_TEST.elf  "GINGAAAN_TEST.bin"
   text	   data	    bss	    dec	    hex	filename
  27864	     40	   3600	  31504	   7b10	GINGAAAN_TEST.elf
Finished building: default.size.stdout
 
Finished building: GINGAAAN_TEST.bin
 
Finished building: GINGAAAN_TEST.list
 
20:59:14 **** Incremental Build of configuration Debug for project GINGAAAN_TEST ****
make -j3 all 
arm-none-eabi-gcc "../Core/Src/app.c" -mcpu=cortex-m4 -std=gnu11 -g3 -DDEBUG -DUSE_HAL_DRIVER -DSTM32F446xx -c -I../Core/Inc -I../Drivers/STM32F4xx_HAL_Driver/Inc -I../Drivers/STM32F4xx_HAL_Driver/Inc/Legacy -I../Drivers/CMSIS/Device/ST/STM32F4xx/Include -I../Drivers/CMSIS/Include -O0 -ffunction-sections -fdata-sections -Wall -fstack-usage -MMD -MP -MF"Core/Src/app.d" -MT"Core/Src/app.o" --specs=nano.specs -mfpu=fpv4-sp-d16 -mfloat-abi=hard -mthumb -o "Core/Src/app.o"
../Core/Src/app.c: In function 'appTask':
../Core/Src/app.c:45:17: warning: unused variable 'StepSpeed' [-Wunused-variable]
   45 |  static uint8_t StepSpeed[19] = {
      |                 ^~~~~~~~~
../Core/Src/app.c:41:13: warning: unused variable 'idCount' [-Wunused-variable]
   41 |  static int idCount = 8;
      |             ^~~~~~~
../Core/Src/app.c: In function 'SM1st_SetSpeed':
../Core/Src/app.c:233:13: warning: unused variable 'stopCount' [-Wunused-variable]
  233 |  static int stopCount = 0;
      |             ^~~~~~~~~
At top level:
../Core/Src/app.c:233:13: warning: 'stopCount' defined but not used [-Wunused-variable]
../Core/Src/app.c:41:13: warning: 'idCount' defined but not used [-Wunused-variable]
   41 |  static int idCount = 8;
      |             ^~~~~~~
../Core/Src/app.c:45:17: warning: 'StepSpeed' defined but not used [-Wunused-variable]
   45 |  static uint8_t StepSpeed[19] = {
      |                 ^~~~~~~~~
../Core/Src/app.c:201:12: warning: 'SM_CalSpeed' defined but not used [-Wunused-function]
  201 | static int SM_CalSpeed(int targetSpeed){
      |            ^~~~~~~~~~~
arm-none-eabi-gcc -o "GINGAAAN_TEST.elf" @"objects.list"   -mcpu=cortex-m4 -T"/Users/UnknownSP/STM32CubeIDE/GINGAAAN/GINGAAAN_TEST/STM32F446RETX_FLASH.ld" --specs=nosys.specs -Wl,-Map="GINGAAAN_TEST.map" -Wl,--gc-sections -static --specs=nano.specs -mfpu=fpv4-sp-d16 -mfloat-abi=hard -mthumb -Wl,--start-group -lc -lm -Wl,--end-group
Finished building target: GINGAAAN_TEST.elf
 
arm-none-eabi-size   GINGAAAN_TEST.elf 
arm-none-eabi-objdump -h -S  GINGAAAN_TEST.elf  > "GINGAAAN_TEST.list"
arm-none-eabi-objcopy  -O binary  GINGAAAN_TEST.elf  "GINGAAAN_TEST.bin"
   text	   data	    bss	    dec	    hex	filename
  28348	     40	   3600	  31988	   7cf4	GINGAAAN_TEST.elf
Finished building: default.size.stdout
 
Finished building: GINGAAAN_TEST.bin
 
Finished building: GINGAAAN_TEST.list
 
21:05:30 **** Incremental Build of configuration Debug for project GINGAAAN_TEST ****
make -j3 all 
arm-none-eabi-gcc "../Core/Src/app.c" -mcpu=cortex-m4 -std=gnu11 -g3 -DDEBUG -DUSE_HAL_DRIVER -DSTM32F446xx -c -I../Core/Inc -I../Drivers/STM32F4xx_HAL_Driver/Inc -I../Drivers/STM32F4xx_HAL_Driver/Inc/Legacy -I../Drivers/CMSIS/Device/ST/STM32F4xx/Include -I../Drivers/CMSIS/Include -O0 -ffunction-sections -fdata-sections -Wall -fstack-usage -MMD -MP -MF"Core/Src/app.d" -MT"Core/Src/app.o" --specs=nano.specs -mfpu=fpv4-sp-d16 -mfloat-abi=hard -mthumb -o "Core/Src/app.o"
../Core/Src/app.c: In function 'appTask':
../Core/Src/app.c:45:17: warning: unused variable 'StepSpeed' [-Wunused-variable]
   45 |  static uint8_t StepSpeed[19] = {
      |                 ^~~~~~~~~
../Core/Src/app.c:41:13: warning: unused variable 'idCount' [-Wunused-variable]
   41 |  static int idCount = 8;
      |             ^~~~~~~
At top level:
../Core/Src/app.c:41:13: warning: 'idCount' defined but not used [-Wunused-variable]
../Core/Src/app.c:45:17: warning: 'StepSpeed' defined but not used [-Wunused-variable]
   45 |  static uint8_t StepSpeed[19] = {
      |                 ^~~~~~~~~
../Core/Src/app.c:201:12: warning: 'SM_CalSpeed' defined but not used [-Wunused-function]
  201 | static int SM_CalSpeed(int targetSpeed){
      |            ^~~~~~~~~~~
arm-none-eabi-gcc -o "GINGAAAN_TEST.elf" @"objects.list"   -mcpu=cortex-m4 -T"/Users/UnknownSP/STM32CubeIDE/GINGAAAN/GINGAAAN_TEST/STM32F446RETX_FLASH.ld" --specs=nosys.specs -Wl,-Map="GINGAAAN_TEST.map" -Wl,--gc-sections -static --specs=nano.specs -mfpu=fpv4-sp-d16 -mfloat-abi=hard -mthumb -Wl,--start-group -lc -lm -Wl,--end-group
Finished building target: GINGAAAN_TEST.elf
 
arm-none-eabi-size   GINGAAAN_TEST.elf 
arm-none-eabi-objdump -h -S  GINGAAAN_TEST.elf  > "GINGAAAN_TEST.list"
arm-none-eabi-objcopy  -O binary  GINGAAAN_TEST.elf  "GINGAAAN_TEST.bin"
   text	   data	    bss	    dec	    hex	filename
  28500	     40	   3608	  32148	   7d94	GINGAAAN_TEST.elf
Finished building: default.size.stdout
 
Finished building: GINGAAAN_TEST.bin
 
Finished building: GINGAAAN_TEST.list
 
21:05:45 **** Incremental Build of configuration Debug for project GINGAAAN_TEST ****
make -j3 all 
arm-none-eabi-gcc "../Core/Src/app.c" -mcpu=cortex-m4 -std=gnu11 -g3 -DDEBUG -DUSE_HAL_DRIVER -DSTM32F446xx -c -I../Core/Inc -I../Drivers/STM32F4xx_HAL_Driver/Inc -I../Drivers/STM32F4xx_HAL_Driver/Inc/Legacy -I../Drivers/CMSIS/Device/ST/STM32F4xx/Include -I../Drivers/CMSIS/Include -O0 -ffunction-sections -fdata-sections -Wall -fstack-usage -MMD -MP -MF"Core/Src/app.d" -MT"Core/Src/app.o" --specs=nano.specs -mfpu=fpv4-sp-d16 -mfloat-abi=hard -mthumb -o "Core/Src/app.o"
../Core/Src/app.c: In function 'appTask':
../Core/Src/app.c:45:17: warning: unused variable 'StepSpeed' [-Wunused-variable]
   45 |  static uint8_t StepSpeed[19] = {
      |                 ^~~~~~~~~
../Core/Src/app.c:41:13: warning: unused variable 'idCount' [-Wunused-variable]
   41 |  static int idCount = 8;
      |             ^~~~~~~
At top level:
../Core/Src/app.c:41:13: warning: 'idCount' defined but not used [-Wunused-variable]
../Core/Src/app.c:45:17: warning: 'StepSpeed' defined but not used [-Wunused-variable]
   45 |  static uint8_t StepSpeed[19] = {
      |                 ^~~~~~~~~
../Core/Src/app.c:201:12: warning: 'SM_CalSpeed' defined but not used [-Wunused-function]
  201 | static int SM_CalSpeed(int targetSpeed){
      |            ^~~~~~~~~~~
arm-none-eabi-gcc -o "GINGAAAN_TEST.elf" @"objects.list"   -mcpu=cortex-m4 -T"/Users/UnknownSP/STM32CubeIDE/GINGAAAN/GINGAAAN_TEST/STM32F446RETX_FLASH.ld" --specs=nosys.specs -Wl,-Map="GINGAAAN_TEST.map" -Wl,--gc-sections -static --specs=nano.specs -mfpu=fpv4-sp-d16 -mfloat-abi=hard -mthumb -Wl,--start-group -lc -lm -Wl,--end-group
Finished building target: GINGAAAN_TEST.elf
 
arm-none-eabi-size   GINGAAAN_TEST.elf 
arm-none-eabi-objdump -h -S  GINGAAAN_TEST.elf  > "GINGAAAN_TEST.list"
arm-none-eabi-objcopy  -O binary  GINGAAAN_TEST.elf  "GINGAAAN_TEST.bin"
   text	   data	    bss	    dec	    hex	filename
  28508	     40	   3608	  32156	   7d9c	GINGAAAN_TEST.elf
Finished building: default.size.stdout
 
Finished building: GINGAAAN_TEST.bin
 
Finished building: GINGAAAN_TEST.list
 
21:09:02 **** Incremental Build of configuration Debug for project GINGAAAN_TEST ****
make -j3 all 
arm-none-eabi-gcc "../Core/Src/app.c" -mcpu=cortex-m4 -std=gnu11 -g3 -DDEBUG -DUSE_HAL_DRIVER -DSTM32F446xx -c -I../Core/Inc -I../Drivers/STM32F4xx_HAL_Driver/Inc -I../Drivers/STM32F4xx_HAL_Driver/Inc/Legacy -I../Drivers/CMSIS/Device/ST/STM32F4xx/Include -I../Drivers/CMSIS/Include -O0 -ffunction-sections -fdata-sections -Wall -fstack-usage -MMD -MP -MF"Core/Src/app.d" -MT"Core/Src/app.o" --specs=nano.specs -mfpu=fpv4-sp-d16 -mfloat-abi=hard -mthumb -o "Core/Src/app.o"
../Core/Src/app.c: In function 'appTask':
../Core/Src/app.c:45:17: warning: unused variable 'StepSpeed' [-Wunused-variable]
   45 |  static uint8_t StepSpeed[19] = {
      |                 ^~~~~~~~~
../Core/Src/app.c:41:13: warning: unused variable 'idCount' [-Wunused-variable]
   41 |  static int idCount = 8;
      |             ^~~~~~~
At top level:
../Core/Src/app.c:41:13: warning: 'idCount' defined but not used [-Wunused-variable]
../Core/Src/app.c:45:17: warning: 'StepSpeed' defined but not used [-Wunused-variable]
   45 |  static uint8_t StepSpeed[19] = {
      |                 ^~~~~~~~~
../Core/Src/app.c:201:12: warning: 'SM_CalSpeed' defined but not used [-Wunused-function]
  201 | static int SM_CalSpeed(int targetSpeed){
      |            ^~~~~~~~~~~
arm-none-eabi-gcc -o "GINGAAAN_TEST.elf" @"objects.list"   -mcpu=cortex-m4 -T"/Users/UnknownSP/STM32CubeIDE/GINGAAAN/GINGAAAN_TEST/STM32F446RETX_FLASH.ld" --specs=nosys.specs -Wl,-Map="GINGAAAN_TEST.map" -Wl,--gc-sections -static --specs=nano.specs -mfpu=fpv4-sp-d16 -mfloat-abi=hard -mthumb -Wl,--start-group -lc -lm -Wl,--end-group
Finished building target: GINGAAAN_TEST.elf
 
arm-none-eabi-size   GINGAAAN_TEST.elf 
arm-none-eabi-objdump -h -S  GINGAAAN_TEST.elf  > "GINGAAAN_TEST.list"
arm-none-eabi-objcopy  -O binary  GINGAAAN_TEST.elf  "GINGAAAN_TEST.bin"
   text	   data	    bss	    dec	    hex	filename
  28544	     44	   3604	  32192	   7dc0	GINGAAAN_TEST.elf
Finished building: default.size.stdout
 
Finished building: GINGAAAN_TEST.bin
 
Finished building: GINGAAAN_TEST.list
 
21:09:34 **** Incremental Build of configuration Debug for project GINGAAAN_TEST ****
make -j3 all 
arm-none-eabi-gcc "../Core/Src/app.c" -mcpu=cortex-m4 -std=gnu11 -g3 -DDEBUG -DUSE_HAL_DRIVER -DSTM32F446xx -c -I../Core/Inc -I../Drivers/STM32F4xx_HAL_Driver/Inc -I../Drivers/STM32F4xx_HAL_Driver/Inc/Legacy -I../Drivers/CMSIS/Device/ST/STM32F4xx/Include -I../Drivers/CMSIS/Include -O0 -ffunction-sections -fdata-sections -Wall -fstack-usage -MMD -MP -MF"Core/Src/app.d" -MT"Core/Src/app.o" --specs=nano.specs -mfpu=fpv4-sp-d16 -mfloat-abi=hard -mthumb -o "Core/Src/app.o"
../Core/Src/app.c: In function 'appTask':
../Core/Src/app.c:45:17: warning: unused variable 'StepSpeed' [-Wunused-variable]
   45 |  static uint8_t StepSpeed[19] = {
      |                 ^~~~~~~~~
../Core/Src/app.c:41:13: warning: unused variable 'idCount' [-Wunused-variable]
   41 |  static int idCount = 8;
      |             ^~~~~~~
At top level:
../Core/Src/app.c:41:13: warning: 'idCount' defined but not used [-Wunused-variable]
../Core/Src/app.c:45:17: warning: 'StepSpeed' defined but not used [-Wunused-variable]
   45 |  static uint8_t StepSpeed[19] = {
      |                 ^~~~~~~~~
../Core/Src/app.c:201:12: warning: 'SM_CalSpeed' defined but not used [-Wunused-function]
  201 | static int SM_CalSpeed(int targetSpeed){
      |            ^~~~~~~~~~~
arm-none-eabi-gcc -o "GINGAAAN_TEST.elf" @"objects.list"   -mcpu=cortex-m4 -T"/Users/UnknownSP/STM32CubeIDE/GINGAAAN/GINGAAAN_TEST/STM32F446RETX_FLASH.ld" --specs=nosys.specs -Wl,-Map="GINGAAAN_TEST.map" -Wl,--gc-sections -static --specs=nano.specs -mfpu=fpv4-sp-d16 -mfloat-abi=hard -mthumb -Wl,--start-group -lc -lm -Wl,--end-group
Finished building target: GINGAAAN_TEST.elf
 
arm-none-eabi-size   GINGAAAN_TEST.elf 
arm-none-eabi-objdump -h -S  GINGAAAN_TEST.elf  > "GINGAAAN_TEST.list"
arm-none-eabi-objcopy  -O binary  GINGAAAN_TEST.elf  "GINGAAAN_TEST.bin"
   text	   data	    bss	    dec	    hex	filename
  28544	     44	   3604	  32192	   7dc0	GINGAAAN_TEST.elf
Finished building: default.size.stdout
 
Finished building: GINGAAAN_TEST.bin
 
Finished building: GINGAAAN_TEST.list
 
21:10:34 **** Incremental Build of configuration Debug for project GINGAAAN_TEST ****
make -j3 all 
arm-none-eabi-gcc "../Core/Src/app.c" -mcpu=cortex-m4 -std=gnu11 -g3 -DDEBUG -DUSE_HAL_DRIVER -DSTM32F446xx -c -I../Core/Inc -I../Drivers/STM32F4xx_HAL_Driver/Inc -I../Drivers/STM32F4xx_HAL_Driver/Inc/Legacy -I../Drivers/CMSIS/Device/ST/STM32F4xx/Include -I../Drivers/CMSIS/Include -O0 -ffunction-sections -fdata-sections -Wall -fstack-usage -MMD -MP -MF"Core/Src/app.d" -MT"Core/Src/app.o" --specs=nano.specs -mfpu=fpv4-sp-d16 -mfloat-abi=hard -mthumb -o "Core/Src/app.o"
../Core/Src/app.c: In function 'appTask':
../Core/Src/app.c:45:17: warning: unused variable 'StepSpeed' [-Wunused-variable]
   45 |  static uint8_t StepSpeed[19] = {
      |                 ^~~~~~~~~
../Core/Src/app.c:41:13: warning: unused variable 'idCount' [-Wunused-variable]
   41 |  static int idCount = 8;
      |             ^~~~~~~
At top level:
../Core/Src/app.c:41:13: warning: 'idCount' defined but not used [-Wunused-variable]
../Core/Src/app.c:45:17: warning: 'StepSpeed' defined but not used [-Wunused-variable]
   45 |  static uint8_t StepSpeed[19] = {
      |                 ^~~~~~~~~
../Core/Src/app.c:201:12: warning: 'SM_CalSpeed' defined but not used [-Wunused-function]
  201 | static int SM_CalSpeed(int targetSpeed){
      |            ^~~~~~~~~~~
arm-none-eabi-gcc -o "GINGAAAN_TEST.elf" @"objects.list"   -mcpu=cortex-m4 -T"/Users/UnknownSP/STM32CubeIDE/GINGAAAN/GINGAAAN_TEST/STM32F446RETX_FLASH.ld" --specs=nosys.specs -Wl,-Map="GINGAAAN_TEST.map" -Wl,--gc-sections -static --specs=nano.specs -mfpu=fpv4-sp-d16 -mfloat-abi=hard -mthumb -Wl,--start-group -lc -lm -Wl,--end-group
Finished building target: GINGAAAN_TEST.elf
 
arm-none-eabi-size   GINGAAAN_TEST.elf 
arm-none-eabi-objdump -h -S  GINGAAAN_TEST.elf  > "GINGAAAN_TEST.list"
arm-none-eabi-objcopy  -O binary  GINGAAAN_TEST.elf  "GINGAAAN_TEST.bin"
   text	   data	    bss	    dec	    hex	filename
  28556	     44	   3604	  32204	   7dcc	GINGAAAN_TEST.elf
Finished building: default.size.stdout
Finished building: GINGAAAN_TEST.bin
 
 
Finished building: GINGAAAN_TEST.list
 
21:15:30 **** Incremental Build of configuration Debug for project GINGAAAN_TEST ****
make -j3 all 
arm-none-eabi-gcc "../Core/Src/app.c" -mcpu=cortex-m4 -std=gnu11 -g3 -DDEBUG -DUSE_HAL_DRIVER -DSTM32F446xx -c -I../Core/Inc -I../Drivers/STM32F4xx_HAL_Driver/Inc -I../Drivers/STM32F4xx_HAL_Driver/Inc/Legacy -I../Drivers/CMSIS/Device/ST/STM32F4xx/Include -I../Drivers/CMSIS/Include -O0 -ffunction-sections -fdata-sections -Wall -fstack-usage -MMD -MP -MF"Core/Src/app.d" -MT"Core/Src/app.o" --specs=nano.specs -mfpu=fpv4-sp-d16 -mfloat-abi=hard -mthumb -o "Core/Src/app.o"
../Core/Src/app.c: In function 'appTask':
../Core/Src/app.c:45:17: warning: unused variable 'StepSpeed' [-Wunused-variable]
   45 |  static uint8_t StepSpeed[19] = {
      |                 ^~~~~~~~~
../Core/Src/app.c:41:13: warning: unused variable 'idCount' [-Wunused-variable]
   41 |  static int idCount = 8;
      |             ^~~~~~~
At top level:
../Core/Src/app.c:41:13: warning: 'idCount' defined but not used [-Wunused-variable]
../Core/Src/app.c:45:17: warning: 'StepSpeed' defined but not used [-Wunused-variable]
   45 |  static uint8_t StepSpeed[19] = {
      |                 ^~~~~~~~~
../Core/Src/app.c:201:12: warning: 'SM_CalSpeed' defined but not used [-Wunused-function]
  201 | static int SM_CalSpeed(int targetSpeed){
      |            ^~~~~~~~~~~
arm-none-eabi-gcc -o "GINGAAAN_TEST.elf" @"objects.list"   -mcpu=cortex-m4 -T"/Users/UnknownSP/STM32CubeIDE/GINGAAAN/GINGAAAN_TEST/STM32F446RETX_FLASH.ld" --specs=nosys.specs -Wl,-Map="GINGAAAN_TEST.map" -Wl,--gc-sections -static --specs=nano.specs -mfpu=fpv4-sp-d16 -mfloat-abi=hard -mthumb -Wl,--start-group -lc -lm -Wl,--end-group
Finished building target: GINGAAAN_TEST.elf
 
arm-none-eabi-size   GINGAAAN_TEST.elf 
arm-none-eabi-objdump -h -S  GINGAAAN_TEST.elf  > "GINGAAAN_TEST.list"
arm-none-eabi-objcopy  -O binary  GINGAAAN_TEST.elf  "GINGAAAN_TEST.bin"
   text	   data	    bss	    dec	    hex	filename
  28556	     44	   3604	  32204	   7dcc	GINGAAAN_TEST.elf
Finished building: default.size.stdout
 
Finished building: GINGAAAN_TEST.bin
 
Finished building: GINGAAAN_TEST.list
 
21:18:44 **** Incremental Build of configuration Debug for project GINGAAAN_TEST ****
make -j3 all 
arm-none-eabi-gcc "../Core/Src/app.c" -mcpu=cortex-m4 -std=gnu11 -g3 -DDEBUG -DUSE_HAL_DRIVER -DSTM32F446xx -c -I../Core/Inc -I../Drivers/STM32F4xx_HAL_Driver/Inc -I../Drivers/STM32F4xx_HAL_Driver/Inc/Legacy -I../Drivers/CMSIS/Device/ST/STM32F4xx/Include -I../Drivers/CMSIS/Include -O0 -ffunction-sections -fdata-sections -Wall -fstack-usage -MMD -MP -MF"Core/Src/app.d" -MT"Core/Src/app.o" --specs=nano.specs -mfpu=fpv4-sp-d16 -mfloat-abi=hard -mthumb -o "Core/Src/app.o"
../Core/Src/app.c: In function 'appTask':
../Core/Src/app.c:45:17: warning: unused variable 'StepSpeed' [-Wunused-variable]
   45 |  static uint8_t StepSpeed[19] = {
      |                 ^~~~~~~~~
../Core/Src/app.c:41:13: warning: unused variable 'idCount' [-Wunused-variable]
   41 |  static int idCount = 8;
      |             ^~~~~~~
At top level:
../Core/Src/app.c:41:13: warning: 'idCount' defined but not used [-Wunused-variable]
../Core/Src/app.c:45:17: warning: 'StepSpeed' defined but not used [-Wunused-variable]
   45 |  static uint8_t StepSpeed[19] = {
      |                 ^~~~~~~~~
../Core/Src/app.c:201:12: warning: 'SM_CalSpeed' defined but not used [-Wunused-function]
  201 | static int SM_CalSpeed(int targetSpeed){
      |            ^~~~~~~~~~~
arm-none-eabi-gcc -o "GINGAAAN_TEST.elf" @"objects.list"   -mcpu=cortex-m4 -T"/Users/UnknownSP/STM32CubeIDE/GINGAAAN/GINGAAAN_TEST/STM32F446RETX_FLASH.ld" --specs=nosys.specs -Wl,-Map="GINGAAAN_TEST.map" -Wl,--gc-sections -static --specs=nano.specs -mfpu=fpv4-sp-d16 -mfloat-abi=hard -mthumb -Wl,--start-group -lc -lm -Wl,--end-group
Finished building target: GINGAAAN_TEST.elf
 
arm-none-eabi-size   GINGAAAN_TEST.elf 
arm-none-eabi-objdump -h -S  GINGAAAN_TEST.elf  > "GINGAAAN_TEST.list"
arm-none-eabi-objcopy  -O binary  GINGAAAN_TEST.elf  "GINGAAAN_TEST.bin"
   text	   data	    bss	    dec	    hex	filename
  28556	     44	   3604	  32204	   7dcc	GINGAAAN_TEST.elf
Finished building: default.size.stdout
 
Finished building: GINGAAAN_TEST.bin
 
Finished building: GINGAAAN_TEST.list
 
21:19:07 **** Incremental Build of configuration Debug for project GINGAAAN_TEST ****
make -j3 all 
arm-none-eabi-gcc "../Core/Src/app.c" -mcpu=cortex-m4 -std=gnu11 -g3 -DDEBUG -DUSE_HAL_DRIVER -DSTM32F446xx -c -I../Core/Inc -I../Drivers/STM32F4xx_HAL_Driver/Inc -I../Drivers/STM32F4xx_HAL_Driver/Inc/Legacy -I../Drivers/CMSIS/Device/ST/STM32F4xx/Include -I../Drivers/CMSIS/Include -O0 -ffunction-sections -fdata-sections -Wall -fstack-usage -MMD -MP -MF"Core/Src/app.d" -MT"Core/Src/app.o" --specs=nano.specs -mfpu=fpv4-sp-d16 -mfloat-abi=hard -mthumb -o "Core/Src/app.o"
../Core/Src/app.c: In function 'appTask':
../Core/Src/app.c:45:17: warning: unused variable 'StepSpeed' [-Wunused-variable]
   45 |  static uint8_t StepSpeed[19] = {
      |                 ^~~~~~~~~
../Core/Src/app.c:41:13: warning: unused variable 'idCount' [-Wunused-variable]
   41 |  static int idCount = 8;
      |             ^~~~~~~
At top level:
../Core/Src/app.c:41:13: warning: 'idCount' defined but not used [-Wunused-variable]
../Core/Src/app.c:45:17: warning: 'StepSpeed' defined but not used [-Wunused-variable]
   45 |  static uint8_t StepSpeed[19] = {
      |                 ^~~~~~~~~
../Core/Src/app.c:201:12: warning: 'SM_CalSpeed' defined but not used [-Wunused-function]
  201 | static int SM_CalSpeed(int targetSpeed){
      |            ^~~~~~~~~~~
arm-none-eabi-gcc -o "GINGAAAN_TEST.elf" @"objects.list"   -mcpu=cortex-m4 -T"/Users/UnknownSP/STM32CubeIDE/GINGAAAN/GINGAAAN_TEST/STM32F446RETX_FLASH.ld" --specs=nosys.specs -Wl,-Map="GINGAAAN_TEST.map" -Wl,--gc-sections -static --specs=nano.specs -mfpu=fpv4-sp-d16 -mfloat-abi=hard -mthumb -Wl,--start-group -lc -lm -Wl,--end-group
Finished building target: GINGAAAN_TEST.elf
 
arm-none-eabi-size   GINGAAAN_TEST.elf 
arm-none-eabi-objdump -h -S  GINGAAAN_TEST.elf  > "GINGAAAN_TEST.list"
arm-none-eabi-objcopy  -O binary  GINGAAAN_TEST.elf  "GINGAAAN_TEST.bin"
   text	   data	    bss	    dec	    hex	filename
  28556	     44	   3604	  32204	   7dcc	GINGAAAN_TEST.elf
Finished building: default.size.stdout
 
Finished building: GINGAAAN_TEST.bin
 
Finished building: GINGAAAN_TEST.list
 
21:22:20 **** Incremental Build of configuration Debug for project GINGAAAN_TEST ****
make -j3 all 
arm-none-eabi-gcc "../Core/Src/app.c" -mcpu=cortex-m4 -std=gnu11 -g3 -DDEBUG -DUSE_HAL_DRIVER -DSTM32F446xx -c -I../Core/Inc -I../Drivers/STM32F4xx_HAL_Driver/Inc -I../Drivers/STM32F4xx_HAL_Driver/Inc/Legacy -I../Drivers/CMSIS/Device/ST/STM32F4xx/Include -I../Drivers/CMSIS/Include -O0 -ffunction-sections -fdata-sections -Wall -fstack-usage -MMD -MP -MF"Core/Src/app.d" -MT"Core/Src/app.o" --specs=nano.specs -mfpu=fpv4-sp-d16 -mfloat-abi=hard -mthumb -o "Core/Src/app.o"
../Core/Src/app.c: In function 'appTask':
../Core/Src/app.c:45:17: warning: unused variable 'StepSpeed' [-Wunused-variable]
   45 |  static uint8_t StepSpeed[19] = {
      |                 ^~~~~~~~~
../Core/Src/app.c:41:13: warning: unused variable 'idCount' [-Wunused-variable]
   41 |  static int idCount = 8;
      |             ^~~~~~~
At top level:
../Core/Src/app.c:41:13: warning: 'idCount' defined but not used [-Wunused-variable]
../Core/Src/app.c:45:17: warning: 'StepSpeed' defined but not used [-Wunused-variable]
   45 |  static uint8_t StepSpeed[19] = {
      |                 ^~~~~~~~~
../Core/Src/app.c:201:12: warning: 'SM_CalSpeed' defined but not used [-Wunused-function]
  201 | static int SM_CalSpeed(int targetSpeed){
      |            ^~~~~~~~~~~
arm-none-eabi-gcc -o "GINGAAAN_TEST.elf" @"objects.list"   -mcpu=cortex-m4 -T"/Users/UnknownSP/STM32CubeIDE/GINGAAAN/GINGAAAN_TEST/STM32F446RETX_FLASH.ld" --specs=nosys.specs -Wl,-Map="GINGAAAN_TEST.map" -Wl,--gc-sections -static --specs=nano.specs -mfpu=fpv4-sp-d16 -mfloat-abi=hard -mthumb -Wl,--start-group -lc -lm -Wl,--end-group
Finished building target: GINGAAAN_TEST.elf
 
arm-none-eabi-size   GINGAAAN_TEST.elf 
arm-none-eabi-objdump -h -S  GINGAAAN_TEST.elf  > "GINGAAAN_TEST.list"
arm-none-eabi-objcopy  -O binary  GINGAAAN_TEST.elf  "GINGAAAN_TEST.bin"
   text	   data	    bss	    dec	    hex	filename
  28588	     44	   3604	  32236	   7dec	GINGAAAN_TEST.elf
Finished building: default.size.stdout
 
Finished building: GINGAAAN_TEST.bin
 
Finished building: GINGAAAN_TEST.list
 
21:23:45 **** Incremental Build of configuration Debug for project GINGAAAN_TEST ****
make -j3 all 
arm-none-eabi-gcc "../Core/Src/app.c" -mcpu=cortex-m4 -std=gnu11 -g3 -DDEBUG -DUSE_HAL_DRIVER -DSTM32F446xx -c -I../Core/Inc -I../Drivers/STM32F4xx_HAL_Driver/Inc -I../Drivers/STM32F4xx_HAL_Driver/Inc/Legacy -I../Drivers/CMSIS/Device/ST/STM32F4xx/Include -I../Drivers/CMSIS/Include -O0 -ffunction-sections -fdata-sections -Wall -fstack-usage -MMD -MP -MF"Core/Src/app.d" -MT"Core/Src/app.o" --specs=nano.specs -mfpu=fpv4-sp-d16 -mfloat-abi=hard -mthumb -o "Core/Src/app.o"
../Core/Src/app.c: In function 'appTask':
../Core/Src/app.c:45:17: warning: unused variable 'StepSpeed' [-Wunused-variable]
   45 |  static uint8_t StepSpeed[19] = {
      |                 ^~~~~~~~~
../Core/Src/app.c:41:13: warning: unused variable 'idCount' [-Wunused-variable]
   41 |  static int idCount = 8;
      |             ^~~~~~~
At top level:
../Core/Src/app.c:41:13: warning: 'idCount' defined but not used [-Wunused-variable]
../Core/Src/app.c:45:17: warning: 'StepSpeed' defined but not used [-Wunused-variable]
   45 |  static uint8_t StepSpeed[19] = {
      |                 ^~~~~~~~~
../Core/Src/app.c:201:12: warning: 'SM_CalSpeed' defined but not used [-Wunused-function]
  201 | static int SM_CalSpeed(int targetSpeed){
      |            ^~~~~~~~~~~
arm-none-eabi-gcc -o "GINGAAAN_TEST.elf" @"objects.list"   -mcpu=cortex-m4 -T"/Users/UnknownSP/STM32CubeIDE/GINGAAAN/GINGAAAN_TEST/STM32F446RETX_FLASH.ld" --specs=nosys.specs -Wl,-Map="GINGAAAN_TEST.map" -Wl,--gc-sections -static --specs=nano.specs -mfpu=fpv4-sp-d16 -mfloat-abi=hard -mthumb -Wl,--start-group -lc -lm -Wl,--end-group
Finished building target: GINGAAAN_TEST.elf
 
arm-none-eabi-size   GINGAAAN_TEST.elf 
arm-none-eabi-objdump -h -S  GINGAAAN_TEST.elf  > "GINGAAAN_TEST.list"
arm-none-eabi-objcopy  -O binary  GINGAAAN_TEST.elf  "GINGAAAN_TEST.bin"
   text	   data	    bss	    dec	    hex	filename
  28616	     44	   3604	  32264	   7e08	GINGAAAN_TEST.elf
Finished building: default.size.stdout
 
Finished building: GINGAAAN_TEST.bin
 
Finished building: GINGAAAN_TEST.list
 
21:24:16 **** Incremental Build of configuration Debug for project GINGAAAN_TEST ****
make -j3 all 
arm-none-eabi-gcc "../Core/Src/app.c" -mcpu=cortex-m4 -std=gnu11 -g3 -DDEBUG -DUSE_HAL_DRIVER -DSTM32F446xx -c -I../Core/Inc -I../Drivers/STM32F4xx_HAL_Driver/Inc -I../Drivers/STM32F4xx_HAL_Driver/Inc/Legacy -I../Drivers/CMSIS/Device/ST/STM32F4xx/Include -I../Drivers/CMSIS/Include -O0 -ffunction-sections -fdata-sections -Wall -fstack-usage -MMD -MP -MF"Core/Src/app.d" -MT"Core/Src/app.o" --specs=nano.specs -mfpu=fpv4-sp-d16 -mfloat-abi=hard -mthumb -o "Core/Src/app.o"
../Core/Src/app.c: In function 'appTask':
../Core/Src/app.c:45:17: warning: unused variable 'StepSpeed' [-Wunused-variable]
   45 |  static uint8_t StepSpeed[19] = {
      |                 ^~~~~~~~~
../Core/Src/app.c:41:13: warning: unused variable 'idCount' [-Wunused-variable]
   41 |  static int idCount = 8;
      |             ^~~~~~~
At top level:
../Core/Src/app.c:41:13: warning: 'idCount' defined but not used [-Wunused-variable]
../Core/Src/app.c:45:17: warning: 'StepSpeed' defined but not used [-Wunused-variable]
   45 |  static uint8_t StepSpeed[19] = {
      |                 ^~~~~~~~~
../Core/Src/app.c:201:12: warning: 'SM_CalSpeed' defined but not used [-Wunused-function]
  201 | static int SM_CalSpeed(int targetSpeed){
      |            ^~~~~~~~~~~
arm-none-eabi-gcc -o "GINGAAAN_TEST.elf" @"objects.list"   -mcpu=cortex-m4 -T"/Users/UnknownSP/STM32CubeIDE/GINGAAAN/GINGAAAN_TEST/STM32F446RETX_FLASH.ld" --specs=nosys.specs -Wl,-Map="GINGAAAN_TEST.map" -Wl,--gc-sections -static --specs=nano.specs -mfpu=fpv4-sp-d16 -mfloat-abi=hard -mthumb -Wl,--start-group -lc -lm -Wl,--end-group
Finished building target: GINGAAAN_TEST.elf
 
arm-none-eabi-size   GINGAAAN_TEST.elf 
arm-none-eabi-objdump -h -S  GINGAAAN_TEST.elf  > "GINGAAAN_TEST.list"
arm-none-eabi-objcopy  -O binary  GINGAAAN_TEST.elf  "GINGAAAN_TEST.bin"
   text	   data	    bss	    dec	    hex	filename
  28620	     44	   3604	  32268	   7e0c	GINGAAAN_TEST.elf
Finished building: default.size.stdout
 
Finished building: GINGAAAN_TEST.bin
 
Finished building: GINGAAAN_TEST.list
 
20:11:02 **** Incremental Build of configuration Debug for project GINGAAAN_TEST ****
make -j3 all 
arm-none-eabi-gcc "../Core/Src/app.c" -mcpu=cortex-m4 -std=gnu11 -g3 -DDEBUG -DUSE_HAL_DRIVER -DSTM32F446xx -c -I../Core/Inc -I../Drivers/STM32F4xx_HAL_Driver/Inc -I../Drivers/STM32F4xx_HAL_Driver/Inc/Legacy -I../Drivers/CMSIS/Device/ST/STM32F4xx/Include -I../Drivers/CMSIS/Include -O0 -ffunction-sections -fdata-sections -Wall -fstack-usage -MMD -MP -MF"Core/Src/app.d" -MT"Core/Src/app.o" --specs=nano.specs -mfpu=fpv4-sp-d16 -mfloat-abi=hard -mthumb -o "Core/Src/app.o"
../Core/Src/app.c: In function 'appTask':
../Core/Src/app.c:45:17: warning: unused variable 'StepSpeed' [-Wunused-variable]
   45 |  static uint8_t StepSpeed[19] = {
      |                 ^~~~~~~~~
../Core/Src/app.c:41:13: warning: unused variable 'idCount' [-Wunused-variable]
   41 |  static int idCount = 8;
      |             ^~~~~~~
At top level:
../Core/Src/app.c:41:13: warning: 'idCount' defined but not used [-Wunused-variable]
../Core/Src/app.c:45:17: warning: 'StepSpeed' defined but not used [-Wunused-variable]
   45 |  static uint8_t StepSpeed[19] = {
      |                 ^~~~~~~~~
../Core/Src/app.c:201:12: warning: 'SM_CalSpeed' defined but not used [-Wunused-function]
  201 | static int SM_CalSpeed(int targetSpeed){
      |            ^~~~~~~~~~~
arm-none-eabi-gcc -o "GINGAAAN_TEST.elf" @"objects.list"   -mcpu=cortex-m4 -T"/Users/UnknownSP/STM32CubeIDE/GINGAAAN/GINGAAAN_TEST/STM32F446RETX_FLASH.ld" --specs=nosys.specs -Wl,-Map="GINGAAAN_TEST.map" -Wl,--gc-sections -static --specs=nano.specs -mfpu=fpv4-sp-d16 -mfloat-abi=hard -mthumb -Wl,--start-group -lc -lm -Wl,--end-group
Finished building target: GINGAAAN_TEST.elf
 
arm-none-eabi-size   GINGAAAN_TEST.elf 
arm-none-eabi-objdump -h -S  GINGAAAN_TEST.elf  > "GINGAAAN_TEST.list"
arm-none-eabi-objcopy  -O binary  GINGAAAN_TEST.elf  "GINGAAAN_TEST.bin"
Finished building: GINGAAAN_TEST.bin
 
   text	   data	    bss	    dec	    hex	filename
  28612	     44	   3604	  32260	   7e04	GINGAAAN_TEST.elf
Finished building: default.size.stdout
 
Finished building: GINGAAAN_TEST.list
 
20:15:07 **** Incremental Build of configuration Debug for project GINGAAAN_TEST ****
make -j3 all 
arm-none-eabi-gcc "../Core/Src/app.c" -mcpu=cortex-m4 -std=gnu11 -g3 -DDEBUG -DUSE_HAL_DRIVER -DSTM32F446xx -c -I../Core/Inc -I../Drivers/STM32F4xx_HAL_Driver/Inc -I../Drivers/STM32F4xx_HAL_Driver/Inc/Legacy -I../Drivers/CMSIS/Device/ST/STM32F4xx/Include -I../Drivers/CMSIS/Include -O0 -ffunction-sections -fdata-sections -Wall -fstack-usage -MMD -MP -MF"Core/Src/app.d" -MT"Core/Src/app.o" --specs=nano.specs -mfpu=fpv4-sp-d16 -mfloat-abi=hard -mthumb -o "Core/Src/app.o"
../Core/Src/app.c: In function 'appTask':
../Core/Src/app.c:46:17: warning: unused variable 'StepSpeed' [-Wunused-variable]
   46 |  static uint8_t StepSpeed[19] = {
      |                 ^~~~~~~~~
../Core/Src/app.c:42:13: warning: unused variable 'idCount' [-Wunused-variable]
   42 |  static int idCount = 8;
      |             ^~~~~~~
../Core/Src/app.c: In function 'SM_CalSpeedFunc2':
../Core/Src/app.c:254:22: error: called object 'x' is not a function or function pointer
  254 |  double y = -2.0 * x*x(x*x-1.0) + 0.5;
      |                      ^
../Core/Src/app.c:250:9: note: declared here
  250 |  double x = ((double)nowPos-stepHalf) / stepHalf;
      |         ^
At top level:
../Core/Src/app.c:42:13: warning: 'idCount' defined but not used [-Wunused-variable]
   42 |  static int idCount = 8;
      |             ^~~~~~~
../Core/Src/app.c:46:17: warning: 'StepSpeed' defined but not used [-Wunused-variable]
   46 |  static uint8_t StepSpeed[19] = {
      |                 ^~~~~~~~~
../Core/Src/app.c:216:12: warning: 'SM_CalSpeedFunc1' defined but not used [-Wunused-function]
  216 | static int SM_CalSpeedFunc1(int nowPos, int minSpeed, int maxSpeed){
      |            ^~~~~~~~~~~~~~~~
../Core/Src/app.c:202:12: warning: 'SM_CalSpeed' defined but not used [-Wunused-function]
  202 | static int SM_CalSpeed(int targetSpeed){
      |            ^~~~~~~~~~~
make: *** [Core/Src/subdir.mk:37: Core/Src/app.o] Error 1
"make -j3 all" terminated with exit code 2. Build might be incomplete.
20:15:33 **** Incremental Build of configuration Debug for project GINGAAAN_TEST ****
make -j3 all 
arm-none-eabi-gcc "../Core/Src/app.c" -mcpu=cortex-m4 -std=gnu11 -g3 -DDEBUG -DUSE_HAL_DRIVER -DSTM32F446xx -c -I../Core/Inc -I../Drivers/STM32F4xx_HAL_Driver/Inc -I../Drivers/STM32F4xx_HAL_Driver/Inc/Legacy -I../Drivers/CMSIS/Device/ST/STM32F4xx/Include -I../Drivers/CMSIS/Include -O0 -ffunction-sections -fdata-sections -Wall -fstack-usage -MMD -MP -MF"Core/Src/app.d" -MT"Core/Src/app.o" --specs=nano.specs -mfpu=fpv4-sp-d16 -mfloat-abi=hard -mthumb -o "Core/Src/app.o"
../Core/Src/app.c: In function 'appTask':
../Core/Src/app.c:46:17: warning: unused variable 'StepSpeed' [-Wunused-variable]
   46 |  static uint8_t StepSpeed[19] = {
      |                 ^~~~~~~~~
../Core/Src/app.c:42:13: warning: unused variable 'idCount' [-Wunused-variable]
   42 |  static int idCount = 8;
      |             ^~~~~~~
At top level:
../Core/Src/app.c:42:13: warning: 'idCount' defined but not used [-Wunused-variable]
../Core/Src/app.c:46:17: warning: 'StepSpeed' defined but not used [-Wunused-variable]
   46 |  static uint8_t StepSpeed[19] = {
      |                 ^~~~~~~~~
../Core/Src/app.c:216:12: warning: 'SM_CalSpeedFunc1' defined but not used [-Wunused-function]
  216 | static int SM_CalSpeedFunc1(int nowPos, int minSpeed, int maxSpeed){
      |            ^~~~~~~~~~~~~~~~
../Core/Src/app.c:202:12: warning: 'SM_CalSpeed' defined but not used [-Wunused-function]
  202 | static int SM_CalSpeed(int targetSpeed){
      |            ^~~~~~~~~~~
arm-none-eabi-gcc -o "GINGAAAN_TEST.elf" @"objects.list"   -mcpu=cortex-m4 -T"/Users/UnknownSP/STM32CubeIDE/GINGAAAN/GINGAAAN_TEST/STM32F446RETX_FLASH.ld" --specs=nosys.specs -Wl,-Map="GINGAAAN_TEST.map" -Wl,--gc-sections -static --specs=nano.specs -mfpu=fpv4-sp-d16 -mfloat-abi=hard -mthumb -Wl,--start-group -lc -lm -Wl,--end-group
Finished building target: GINGAAAN_TEST.elf
 
arm-none-eabi-size   GINGAAAN_TEST.elf 
arm-none-eabi-objdump -h -S  GINGAAAN_TEST.elf  > "GINGAAAN_TEST.list"
arm-none-eabi-objcopy  -O binary  GINGAAAN_TEST.elf  "GINGAAAN_TEST.bin"
   text	   data	    bss	    dec	    hex	filename
  28708	     44	   3604	  32356	   7e64	GINGAAAN_TEST.elf
Finished building: default.size.stdout
 
Finished building: GINGAAAN_TEST.bin
 
Finished building: GINGAAAN_TEST.list
 
20:16:23 **** Incremental Build of configuration Debug for project GINGAAAN_TEST ****
make -j3 all 
arm-none-eabi-gcc "../Core/Src/app.c" -mcpu=cortex-m4 -std=gnu11 -g3 -DDEBUG -DUSE_HAL_DRIVER -DSTM32F446xx -c -I../Core/Inc -I../Drivers/STM32F4xx_HAL_Driver/Inc -I../Drivers/STM32F4xx_HAL_Driver/Inc/Legacy -I../Drivers/CMSIS/Device/ST/STM32F4xx/Include -I../Drivers/CMSIS/Include -O0 -ffunction-sections -fdata-sections -Wall -fstack-usage -MMD -MP -MF"Core/Src/app.d" -MT"Core/Src/app.o" --specs=nano.specs -mfpu=fpv4-sp-d16 -mfloat-abi=hard -mthumb -o "Core/Src/app.o"
../Core/Src/app.c: In function 'appTask':
../Core/Src/app.c:46:17: warning: unused variable 'StepSpeed' [-Wunused-variable]
   46 |  static uint8_t StepSpeed[19] = {
      |                 ^~~~~~~~~
../Core/Src/app.c:42:13: warning: unused variable 'idCount' [-Wunused-variable]
   42 |  static int idCount = 8;
      |             ^~~~~~~
At top level:
../Core/Src/app.c:42:13: warning: 'idCount' defined but not used [-Wunused-variable]
../Core/Src/app.c:46:17: warning: 'StepSpeed' defined but not used [-Wunused-variable]
   46 |  static uint8_t StepSpeed[19] = {
      |                 ^~~~~~~~~
../Core/Src/app.c:216:12: warning: 'SM_CalSpeedFunc1' defined but not used [-Wunused-function]
  216 | static int SM_CalSpeedFunc1(int nowPos, int minSpeed, int maxSpeed){
      |            ^~~~~~~~~~~~~~~~
../Core/Src/app.c:202:12: warning: 'SM_CalSpeed' defined but not used [-Wunused-function]
  202 | static int SM_CalSpeed(int targetSpeed){
      |            ^~~~~~~~~~~
arm-none-eabi-gcc -o "GINGAAAN_TEST.elf" @"objects.list"   -mcpu=cortex-m4 -T"/Users/UnknownSP/STM32CubeIDE/GINGAAAN/GINGAAAN_TEST/STM32F446RETX_FLASH.ld" --specs=nosys.specs -Wl,-Map="GINGAAAN_TEST.map" -Wl,--gc-sections -static --specs=nano.specs -mfpu=fpv4-sp-d16 -mfloat-abi=hard -mthumb -Wl,--start-group -lc -lm -Wl,--end-group
Finished building target: GINGAAAN_TEST.elf
 
arm-none-eabi-size   GINGAAAN_TEST.elf 
arm-none-eabi-objdump -h -S  GINGAAAN_TEST.elf  > "GINGAAAN_TEST.list"
arm-none-eabi-objcopy  -O binary  GINGAAAN_TEST.elf  "GINGAAAN_TEST.bin"
   text	   data	    bss	    dec	    hex	filename
  28708	     44	   3604	  32356	   7e64	GINGAAAN_TEST.elf
Finished building: default.size.stdout
 
Finished building: GINGAAAN_TEST.bin
 
Finished building: GINGAAAN_TEST.list
 
20:16:59 **** Incremental Build of configuration Debug for project GINGAAAN_TEST ****
make -j3 all 
arm-none-eabi-gcc "../Core/Src/app.c" -mcpu=cortex-m4 -std=gnu11 -g3 -DDEBUG -DUSE_HAL_DRIVER -DSTM32F446xx -c -I../Core/Inc -I../Drivers/STM32F4xx_HAL_Driver/Inc -I../Drivers/STM32F4xx_HAL_Driver/Inc/Legacy -I../Drivers/CMSIS/Device/ST/STM32F4xx/Include -I../Drivers/CMSIS/Include -O0 -ffunction-sections -fdata-sections -Wall -fstack-usage -MMD -MP -MF"Core/Src/app.d" -MT"Core/Src/app.o" --specs=nano.specs -mfpu=fpv4-sp-d16 -mfloat-abi=hard -mthumb -o "Core/Src/app.o"
../Core/Src/app.c: In function 'appTask':
../Core/Src/app.c:46:17: warning: unused variable 'StepSpeed' [-Wunused-variable]
   46 |  static uint8_t StepSpeed[19] = {
      |                 ^~~~~~~~~
../Core/Src/app.c:42:13: warning: unused variable 'idCount' [-Wunused-variable]
   42 |  static int idCount = 8;
      |             ^~~~~~~
At top level:
../Core/Src/app.c:42:13: warning: 'idCount' defined but not used [-Wunused-variable]
../Core/Src/app.c:46:17: warning: 'StepSpeed' defined but not used [-Wunused-variable]
   46 |  static uint8_t StepSpeed[19] = {
      |                 ^~~~~~~~~
../Core/Src/app.c:216:12: warning: 'SM_CalSpeedFunc1' defined but not used [-Wunused-function]
  216 | static int SM_CalSpeedFunc1(int nowPos, int minSpeed, int maxSpeed){
      |            ^~~~~~~~~~~~~~~~
../Core/Src/app.c:202:12: warning: 'SM_CalSpeed' defined but not used [-Wunused-function]
  202 | static int SM_CalSpeed(int targetSpeed){
      |            ^~~~~~~~~~~
arm-none-eabi-gcc -o "GINGAAAN_TEST.elf" @"objects.list"   -mcpu=cortex-m4 -T"/Users/UnknownSP/STM32CubeIDE/GINGAAAN/GINGAAAN_TEST/STM32F446RETX_FLASH.ld" --specs=nosys.specs -Wl,-Map="GINGAAAN_TEST.map" -Wl,--gc-sections -static --specs=nano.specs -mfpu=fpv4-sp-d16 -mfloat-abi=hard -mthumb -Wl,--start-group -lc -lm -Wl,--end-group
Finished building target: GINGAAAN_TEST.elf
 
arm-none-eabi-size   GINGAAAN_TEST.elf 
arm-none-eabi-objdump -h -S  GINGAAAN_TEST.elf  > "GINGAAAN_TEST.list"
arm-none-eabi-objcopy  -O binary  GINGAAAN_TEST.elf  "GINGAAAN_TEST.bin"
   text	   data	    bss	    dec	    hex	filename
  28708	     44	   3604	  32356	   7e64	GINGAAAN_TEST.elf
Finished building: default.size.stdout
 
Finished building: GINGAAAN_TEST.bin
 
Finished building: GINGAAAN_TEST.list
 
20:19:37 **** Incremental Build of configuration Debug for project GINGAAAN_TEST ****
make -j3 all 
arm-none-eabi-gcc "../Core/Src/app.c" -mcpu=cortex-m4 -std=gnu11 -g3 -DDEBUG -DUSE_HAL_DRIVER -DSTM32F446xx -c -I../Core/Inc -I../Drivers/STM32F4xx_HAL_Driver/Inc -I../Drivers/STM32F4xx_HAL_Driver/Inc/Legacy -I../Drivers/CMSIS/Device/ST/STM32F4xx/Include -I../Drivers/CMSIS/Include -O0 -ffunction-sections -fdata-sections -Wall -fstack-usage -MMD -MP -MF"Core/Src/app.d" -MT"Core/Src/app.o" --specs=nano.specs -mfpu=fpv4-sp-d16 -mfloat-abi=hard -mthumb -o "Core/Src/app.o"
../Core/Src/app.c: In function 'appTask':
../Core/Src/app.c:46:17: warning: unused variable 'StepSpeed' [-Wunused-variable]
   46 |  static uint8_t StepSpeed[19] = {
      |                 ^~~~~~~~~
../Core/Src/app.c:42:13: warning: unused variable 'idCount' [-Wunused-variable]
   42 |  static int idCount = 8;
      |             ^~~~~~~
At top level:
../Core/Src/app.c:42:13: warning: 'idCount' defined but not used [-Wunused-variable]
../Core/Src/app.c:46:17: warning: 'StepSpeed' defined but not used [-Wunused-variable]
   46 |  static uint8_t StepSpeed[19] = {
      |                 ^~~~~~~~~
../Core/Src/app.c:216:12: warning: 'SM_CalSpeedFunc1' defined but not used [-Wunused-function]
  216 | static int SM_CalSpeedFunc1(int nowPos, int minSpeed, int maxSpeed){
      |            ^~~~~~~~~~~~~~~~
../Core/Src/app.c:202:12: warning: 'SM_CalSpeed' defined but not used [-Wunused-function]
  202 | static int SM_CalSpeed(int targetSpeed){
      |            ^~~~~~~~~~~
arm-none-eabi-gcc -o "GINGAAAN_TEST.elf" @"objects.list"   -mcpu=cortex-m4 -T"/Users/UnknownSP/STM32CubeIDE/GINGAAAN/GINGAAAN_TEST/STM32F446RETX_FLASH.ld" --specs=nosys.specs -Wl,-Map="GINGAAAN_TEST.map" -Wl,--gc-sections -static --specs=nano.specs -mfpu=fpv4-sp-d16 -mfloat-abi=hard -mthumb -Wl,--start-group -lc -lm -Wl,--end-group
Finished building target: GINGAAAN_TEST.elf
 
arm-none-eabi-size   GINGAAAN_TEST.elf 
arm-none-eabi-objdump -h -S  GINGAAAN_TEST.elf  > "GINGAAAN_TEST.list"
arm-none-eabi-objcopy  -O binary  GINGAAAN_TEST.elf  "GINGAAAN_TEST.bin"
   text	   data	    bss	    dec	    hex	filename
  28708	     44	   3604	  32356	   7e64	GINGAAAN_TEST.elf
Finished building: default.size.stdout
 
Finished building: GINGAAAN_TEST.bin
 
Finished building: GINGAAAN_TEST.list
 
20:36:24 **** Incremental Build of configuration Debug for project GINGAAAN_TEST ****
make -j3 all 
arm-none-eabi-gcc "../Core/Src/app.c" -mcpu=cortex-m4 -std=gnu11 -g3 -DDEBUG -DUSE_HAL_DRIVER -DSTM32F446xx -c -I../Core/Inc -I../Drivers/STM32F4xx_HAL_Driver/Inc -I../Drivers/STM32F4xx_HAL_Driver/Inc/Legacy -I../Drivers/CMSIS/Device/ST/STM32F4xx/Include -I../Drivers/CMSIS/Include -O0 -ffunction-sections -fdata-sections -Wall -fstack-usage -MMD -MP -MF"Core/Src/app.d" -MT"Core/Src/app.o" --specs=nano.specs -mfpu=fpv4-sp-d16 -mfloat-abi=hard -mthumb -o "Core/Src/app.o"
../Core/Src/app.c: In function 'appTask':
../Core/Src/app.c:46:17: warning: unused variable 'StepSpeed' [-Wunused-variable]
   46 |  static uint8_t StepSpeed[19] = {
      |                 ^~~~~~~~~
../Core/Src/app.c:42:13: warning: unused variable 'idCount' [-Wunused-variable]
   42 |  static int idCount = 8;
      |             ^~~~~~~
At top level:
../Core/Src/app.c:42:13: warning: 'idCount' defined but not used [-Wunused-variable]
../Core/Src/app.c:46:17: warning: 'StepSpeed' defined but not used [-Wunused-variable]
   46 |  static uint8_t StepSpeed[19] = {
      |                 ^~~~~~~~~
../Core/Src/app.c:216:12: warning: 'SM_CalSpeedFunc1' defined but not used [-Wunused-function]
  216 | static int SM_CalSpeedFunc1(int nowPos, int minSpeed, int maxSpeed){
      |            ^~~~~~~~~~~~~~~~
../Core/Src/app.c:202:12: warning: 'SM_CalSpeed' defined but not used [-Wunused-function]
  202 | static int SM_CalSpeed(int targetSpeed){
      |            ^~~~~~~~~~~
arm-none-eabi-gcc -o "GINGAAAN_TEST.elf" @"objects.list"   -mcpu=cortex-m4 -T"/Users/UnknownSP/STM32CubeIDE/GINGAAAN/GINGAAAN_TEST/STM32F446RETX_FLASH.ld" --specs=nosys.specs -Wl,-Map="GINGAAAN_TEST.map" -Wl,--gc-sections -static --specs=nano.specs -mfpu=fpv4-sp-d16 -mfloat-abi=hard -mthumb -Wl,--start-group -lc -lm -Wl,--end-group
Finished building target: GINGAAAN_TEST.elf
 
arm-none-eabi-size   GINGAAAN_TEST.elf 
arm-none-eabi-objdump -h -S  GINGAAAN_TEST.elf  > "GINGAAAN_TEST.list"
arm-none-eabi-objcopy  -O binary  GINGAAAN_TEST.elf  "GINGAAAN_TEST.bin"
   text	   data	    bss	    dec	    hex	filename
  28748	     44	   3604	  32396	   7e8c	GINGAAAN_TEST.elf
Finished building: default.size.stdout
 
Finished building: GINGAAAN_TEST.bin
 
Finished building: GINGAAAN_TEST.list
 
20:44:28 **** Incremental Build of configuration Debug for project GINGAAAN_TEST ****
make -j3 all 
arm-none-eabi-gcc "../Core/Src/app.c" -mcpu=cortex-m4 -std=gnu11 -g3 -DDEBUG -DUSE_HAL_DRIVER -DSTM32F446xx -c -I../Core/Inc -I../Drivers/STM32F4xx_HAL_Driver/Inc -I../Drivers/STM32F4xx_HAL_Driver/Inc/Legacy -I../Drivers/CMSIS/Device/ST/STM32F4xx/Include -I../Drivers/CMSIS/Include -O0 -ffunction-sections -fdata-sections -Wall -fstack-usage -MMD -MP -MF"Core/Src/app.d" -MT"Core/Src/app.o" --specs=nano.specs -mfpu=fpv4-sp-d16 -mfloat-abi=hard -mthumb -o "Core/Src/app.o"
../Core/Src/app.c: In function 'appTask':
../Core/Src/app.c:47:17: warning: unused variable 'StepSpeed' [-Wunused-variable]
   47 |  static uint8_t StepSpeed[19] = {
      |                 ^~~~~~~~~
../Core/Src/app.c:43:13: warning: unused variable 'idCount' [-Wunused-variable]
   43 |  static int idCount = 8;
      |             ^~~~~~~
At top level:
../Core/Src/app.c:43:13: warning: 'idCount' defined but not used [-Wunused-variable]
../Core/Src/app.c:47:17: warning: 'StepSpeed' defined but not used [-Wunused-variable]
   47 |  static uint8_t StepSpeed[19] = {
      |                 ^~~~~~~~~
../Core/Src/app.c:249:12: warning: 'SM_CalSpeedFunc2' defined but not used [-Wunused-function]
  249 | static int SM_CalSpeedFunc2(int nowPos, int minSpeed, int maxSpeed){
      |            ^~~~~~~~~~~~~~~~
../Core/Src/app.c:217:12: warning: 'SM_CalSpeedFunc1' defined but not used [-Wunused-function]
  217 | static int SM_CalSpeedFunc1(int nowPos, int minSpeed, int maxSpeed){
      |            ^~~~~~~~~~~~~~~~
../Core/Src/app.c:203:12: warning: 'SM_CalSpeed' defined but not used [-Wunused-function]
  203 | static int SM_CalSpeed(int targetSpeed){
      |            ^~~~~~~~~~~
arm-none-eabi-gcc -o "GINGAAAN_TEST.elf" @"objects.list"   -mcpu=cortex-m4 -T"/Users/UnknownSP/STM32CubeIDE/GINGAAAN/GINGAAAN_TEST/STM32F446RETX_FLASH.ld" --specs=nosys.specs -Wl,-Map="GINGAAAN_TEST.map" -Wl,--gc-sections -static --specs=nano.specs -mfpu=fpv4-sp-d16 -mfloat-abi=hard -mthumb -Wl,--start-group -lc -lm -Wl,--end-group
Finished building target: GINGAAAN_TEST.elf
 
arm-none-eabi-size   GINGAAAN_TEST.elf 
arm-none-eabi-objdump -h -S  GINGAAAN_TEST.elf  > "GINGAAAN_TEST.list"
arm-none-eabi-objcopy  -O binary  GINGAAAN_TEST.elf  "GINGAAAN_TEST.bin"
   text	   data	    bss	    dec	    hex	filename
  34384	    148	   3604	  38136	   94f8	GINGAAAN_TEST.elf
Finished building: default.size.stdout
 
Finished building: GINGAAAN_TEST.bin
 
Finished building: GINGAAAN_TEST.list
 
20:45:30 **** Incremental Build of configuration Debug for project GINGAAAN_TEST ****
make -j3 all 
arm-none-eabi-gcc "../Core/Src/app.c" -mcpu=cortex-m4 -std=gnu11 -g3 -DDEBUG -DUSE_HAL_DRIVER -DSTM32F446xx -c -I../Core/Inc -I../Drivers/STM32F4xx_HAL_Driver/Inc -I../Drivers/STM32F4xx_HAL_Driver/Inc/Legacy -I../Drivers/CMSIS/Device/ST/STM32F4xx/Include -I../Drivers/CMSIS/Include -O0 -ffunction-sections -fdata-sections -Wall -fstack-usage -MMD -MP -MF"Core/Src/app.d" -MT"Core/Src/app.o" --specs=nano.specs -mfpu=fpv4-sp-d16 -mfloat-abi=hard -mthumb -o "Core/Src/app.o"
../Core/Src/app.c: In function 'appTask':
../Core/Src/app.c:47:17: warning: unused variable 'StepSpeed' [-Wunused-variable]
   47 |  static uint8_t StepSpeed[19] = {
      |                 ^~~~~~~~~
../Core/Src/app.c:43:13: warning: unused variable 'idCount' [-Wunused-variable]
   43 |  static int idCount = 8;
      |             ^~~~~~~
At top level:
../Core/Src/app.c:43:13: warning: 'idCount' defined but not used [-Wunused-variable]
../Core/Src/app.c:47:17: warning: 'StepSpeed' defined but not used [-Wunused-variable]
   47 |  static uint8_t StepSpeed[19] = {
      |                 ^~~~~~~~~
../Core/Src/app.c:249:12: warning: 'SM_CalSpeedFunc2' defined but not used [-Wunused-function]
  249 | static int SM_CalSpeedFunc2(int nowPos, int minSpeed, int maxSpeed){
      |            ^~~~~~~~~~~~~~~~
../Core/Src/app.c:217:12: warning: 'SM_CalSpeedFunc1' defined but not used [-Wunused-function]
  217 | static int SM_CalSpeedFunc1(int nowPos, int minSpeed, int maxSpeed){
      |            ^~~~~~~~~~~~~~~~
../Core/Src/app.c:203:12: warning: 'SM_CalSpeed' defined but not used [-Wunused-function]
  203 | static int SM_CalSpeed(int targetSpeed){
      |            ^~~~~~~~~~~
arm-none-eabi-gcc -o "GINGAAAN_TEST.elf" @"objects.list"   -mcpu=cortex-m4 -T"/Users/UnknownSP/STM32CubeIDE/GINGAAAN/GINGAAAN_TEST/STM32F446RETX_FLASH.ld" --specs=nosys.specs -Wl,-Map="GINGAAAN_TEST.map" -Wl,--gc-sections -static --specs=nano.specs -mfpu=fpv4-sp-d16 -mfloat-abi=hard -mthumb -Wl,--start-group -lc -lm -Wl,--end-group
Finished building target: GINGAAAN_TEST.elf
 
arm-none-eabi-size   GINGAAAN_TEST.elf 
arm-none-eabi-objdump -h -S  GINGAAAN_TEST.elf  > "GINGAAAN_TEST.list"
arm-none-eabi-objcopy  -O binary  GINGAAAN_TEST.elf  "GINGAAAN_TEST.bin"
   text	   data	    bss	    dec	    hex	filename
  34384	    148	   3604	  38136	   94f8	GINGAAAN_TEST.elf
Finished building: default.size.stdout
 
Finished building: GINGAAAN_TEST.bin
 
Finished building: GINGAAAN_TEST.list
 
20:46:21 **** Incremental Build of configuration Debug for project GINGAAAN_TEST ****
make -j3 all 
arm-none-eabi-gcc "../Core/Src/app.c" -mcpu=cortex-m4 -std=gnu11 -g3 -DDEBUG -DUSE_HAL_DRIVER -DSTM32F446xx -c -I../Core/Inc -I../Drivers/STM32F4xx_HAL_Driver/Inc -I../Drivers/STM32F4xx_HAL_Driver/Inc/Legacy -I../Drivers/CMSIS/Device/ST/STM32F4xx/Include -I../Drivers/CMSIS/Include -O0 -ffunction-sections -fdata-sections -Wall -fstack-usage -MMD -MP -MF"Core/Src/app.d" -MT"Core/Src/app.o" --specs=nano.specs -mfpu=fpv4-sp-d16 -mfloat-abi=hard -mthumb -o "Core/Src/app.o"
../Core/Src/app.c: In function 'appTask':
../Core/Src/app.c:47:17: warning: unused variable 'StepSpeed' [-Wunused-variable]
   47 |  static uint8_t StepSpeed[19] = {
      |                 ^~~~~~~~~
../Core/Src/app.c:43:13: warning: unused variable 'idCount' [-Wunused-variable]
   43 |  static int idCount = 8;
      |             ^~~~~~~
At top level:
../Core/Src/app.c:43:13: warning: 'idCount' defined but not used [-Wunused-variable]
../Core/Src/app.c:47:17: warning: 'StepSpeed' defined but not used [-Wunused-variable]
   47 |  static uint8_t StepSpeed[19] = {
      |                 ^~~~~~~~~
../Core/Src/app.c:249:12: warning: 'SM_CalSpeedFunc2' defined but not used [-Wunused-function]
  249 | static int SM_CalSpeedFunc2(int nowPos, int minSpeed, int maxSpeed){
      |            ^~~~~~~~~~~~~~~~
../Core/Src/app.c:217:12: warning: 'SM_CalSpeedFunc1' defined but not used [-Wunused-function]
  217 | static int SM_CalSpeedFunc1(int nowPos, int minSpeed, int maxSpeed){
      |            ^~~~~~~~~~~~~~~~
../Core/Src/app.c:203:12: warning: 'SM_CalSpeed' defined but not used [-Wunused-function]
  203 | static int SM_CalSpeed(int targetSpeed){
      |            ^~~~~~~~~~~
arm-none-eabi-gcc -o "GINGAAAN_TEST.elf" @"objects.list"   -mcpu=cortex-m4 -T"/Users/UnknownSP/STM32CubeIDE/GINGAAAN/GINGAAAN_TEST/STM32F446RETX_FLASH.ld" --specs=nosys.specs -Wl,-Map="GINGAAAN_TEST.map" -Wl,--gc-sections -static --specs=nano.specs -mfpu=fpv4-sp-d16 -mfloat-abi=hard -mthumb -Wl,--start-group -lc -lm -Wl,--end-group
Finished building target: GINGAAAN_TEST.elf
 
arm-none-eabi-size   GINGAAAN_TEST.elf 
arm-none-eabi-objdump -h -S  GINGAAAN_TEST.elf  > "GINGAAAN_TEST.list"
arm-none-eabi-objcopy  -O binary  GINGAAAN_TEST.elf  "GINGAAAN_TEST.bin"
   text	   data	    bss	    dec	    hex	filename
  34392	    148	   3604	  38144	   9500	GINGAAAN_TEST.elf
Finished building: default.size.stdout
 
Finished building: GINGAAAN_TEST.bin
 
Finished building: GINGAAAN_TEST.list
 
